<?xml version="1.0" encoding="UTF-8"?>
<coverage generated="1495019453422" clover="3.2.0">
  <project timestamp="1495019453423" name="All files">
    <metrics statements="556" coveredstatements="112" conditionals="180" coveredconditionals="15" methods="255" coveredmethods="10" elements="991" coveredelements="137" complexity="0" loc="556" ncloc="556" packages="19" files="29" classes="29">
      <package name="PlanItNow">
        <metrics statements="5" coveredstatements="5" conditionals="0" coveredconditionals="0" methods="4" coveredmethods="2"/>
        <file name="index.android.js" path="/Users/hacktiv8mac/Documents/finalproject/pin-frontend/PlanItNow/index.android.js">
          <metrics statements="2" coveredstatements="2" conditionals="0" coveredconditionals="0" methods="2" coveredmethods="1"/>
          <line num="19" count="1" type="stmt"/>
          <line num="28" count="2" type="stmt"/>
        </file>
        <file name="index.ios.js" path="/Users/hacktiv8mac/Documents/finalproject/pin-frontend/PlanItNow/index.ios.js">
          <metrics statements="3" coveredstatements="3" conditionals="0" coveredconditionals="0" methods="2" coveredmethods="1"/>
          <line num="17" count="1" type="stmt"/>
          <line num="34" count="1" type="stmt"/>
          <line num="53" count="1" type="stmt"/>
        </file>
      </package>
      <package name="PlanItNow.jest">
        <metrics statements="2" coveredstatements="2" conditionals="0" coveredconditionals="0" methods="1" coveredmethods="1"/>
        <file name="setup.js" path="/Users/hacktiv8mac/Documents/finalproject/pin-frontend/PlanItNow/jest/setup.js">
          <metrics statements="2" coveredstatements="2" conditionals="0" coveredconditionals="0" methods="1" coveredmethods="1"/>
          <line num="1" count="4" type="stmt"/>
          <line num="2" count="2" type="stmt"/>
        </file>
      </package>
      <package name="PlanItNow.src.actions">
        <metrics statements="124" coveredstatements="35" conditionals="90" coveredconditionals="0" methods="44" coveredmethods="1"/>
        <file name="constants.js" path="/Users/hacktiv8mac/Documents/finalproject/pin-frontend/PlanItNow/src/actions/constants.js">
          <metrics statements="13" coveredstatements="13" conditionals="0" coveredconditionals="0" methods="0" coveredmethods="0"/>
          <line num="1" count="3" type="stmt"/>
          <line num="2" count="3" type="stmt"/>
          <line num="3" count="3" type="stmt"/>
          <line num="4" count="3" type="stmt"/>
          <line num="5" count="3" type="stmt"/>
          <line num="6" count="3" type="stmt"/>
          <line num="7" count="3" type="stmt"/>
          <line num="8" count="3" type="stmt"/>
          <line num="9" count="3" type="stmt"/>
          <line num="10" count="3" type="stmt"/>
          <line num="11" count="3" type="stmt"/>
          <line num="12" count="3" type="stmt"/>
          <line num="13" count="3" type="stmt"/>
        </file>
        <file name="index.js" path="/Users/hacktiv8mac/Documents/finalproject/pin-frontend/PlanItNow/src/actions/index.js">
          <metrics statements="0" coveredstatements="0" conditionals="0" coveredconditionals="0" methods="0" coveredmethods="0"/>
        </file>
        <file name="itineraryAction.js" path="/Users/hacktiv8mac/Documents/finalproject/pin-frontend/PlanItNow/src/actions/itineraryAction.js">
          <metrics statements="10" coveredstatements="4" conditionals="0" coveredconditionals="0" methods="8" coveredmethods="0"/>
          <line num="5" count="2" type="stmt"/>
          <line num="10" count="2" type="stmt"/>
          <line num="11" count="0" type="stmt"/>
          <line num="12" count="0" type="stmt"/>
          <line num="17" count="0" type="stmt"/>
          <line num="21" count="2" type="stmt"/>
          <line num="26" count="2" type="stmt"/>
          <line num="27" count="0" type="stmt"/>
          <line num="28" count="0" type="stmt"/>
          <line num="29" count="0" type="stmt"/>
        </file>
        <file name="placeAction.js" path="/Users/hacktiv8mac/Documents/finalproject/pin-frontend/PlanItNow/src/actions/placeAction.js">
          <metrics statements="51" coveredstatements="6" conditionals="50" coveredconditionals="0" methods="14" coveredmethods="0"/>
          <line num="5" count="2" type="stmt"/>
          <line num="6" count="0" type="stmt"/>
          <line num="8" count="0" type="stmt"/>
          <line num="9" count="0" type="stmt"/>
          <line num="10" count="0" type="stmt"/>
          <line num="11" count="0" type="stmt"/>
          <line num="12" count="0" type="stmt"/>
          <line num="14" count="0" type="stmt"/>
          <line num="16" count="0" type="stmt"/>
          <line num="17" count="0" type="cond" truecount="0" falsecount="4"/>
          <line num="18" count="0" type="stmt"/>
          <line num="20" count="0" type="cond" truecount="0" falsecount="4"/>
          <line num="21" count="0" type="stmt"/>
          <line num="23" count="0" type="cond" truecount="0" falsecount="4"/>
          <line num="24" count="0" type="stmt"/>
          <line num="26" count="0" type="cond" truecount="0" falsecount="4"/>
          <line num="27" count="0" type="stmt"/>
          <line num="29" count="0" type="cond" truecount="0" falsecount="4"/>
          <line num="30" count="0" type="stmt"/>
          <line num="32" count="0" type="cond" truecount="0" falsecount="4"/>
          <line num="33" count="0" type="stmt"/>
          <line num="35" count="0" type="cond" truecount="0" falsecount="4"/>
          <line num="36" count="0" type="stmt"/>
          <line num="38" count="0" type="cond" truecount="0" falsecount="4"/>
          <line num="39" count="0" type="stmt"/>
          <line num="41" count="0" type="cond" truecount="0" falsecount="4"/>
          <line num="42" count="0" type="stmt"/>
          <line num="44" count="0" type="cond" truecount="0" falsecount="4"/>
          <line num="45" count="0" type="stmt"/>
          <line num="49" count="0" type="stmt"/>
          <line num="50" count="0" type="cond" truecount="0" falsecount="2"/>
          <line num="51" count="0" type="stmt"/>
          <line num="53" count="0" type="cond" truecount="0" falsecount="2"/>
          <line num="54" count="0" type="stmt"/>
          <line num="56" count="0" type="cond" truecount="0" falsecount="2"/>
          <line num="57" count="0" type="stmt"/>
          <line num="59" count="0" type="cond" truecount="0" falsecount="2"/>
          <line num="60" count="0" type="stmt"/>
          <line num="62" count="0" type="cond" truecount="0" falsecount="2"/>
          <line num="63" count="0" type="stmt"/>
          <line num="66" count="0" type="stmt"/>
          <line num="69" count="2" type="stmt"/>
          <line num="74" count="2" type="stmt"/>
          <line num="79" count="2" type="stmt"/>
          <line num="87" count="2" type="stmt"/>
          <line num="88" count="0" type="stmt"/>
          <line num="90" count="0" type="stmt"/>
          <line num="91" count="0" type="stmt"/>
          <line num="96" count="2" type="stmt"/>
          <line num="97" count="0" type="stmt"/>
          <line num="103" count="0" type="stmt"/>
        </file>
        <file name="userAction.js" path="/Users/hacktiv8mac/Documents/finalproject/pin-frontend/PlanItNow/src/actions/userAction.js">
          <metrics statements="50" coveredstatements="12" conditionals="40" coveredconditionals="0" methods="22" coveredmethods="1"/>
          <line num="7" count="3" type="stmt"/>
          <line num="12" count="3" type="stmt"/>
          <line num="13" count="0" type="stmt"/>
          <line num="14" count="0" type="stmt"/>
          <line num="15" count="0" type="stmt"/>
          <line num="20" count="3" type="stmt"/>
          <line num="25" count="3" type="stmt"/>
          <line num="29" count="3" type="stmt"/>
          <line num="33" count="3" type="stmt"/>
          <line num="34" count="0" type="stmt"/>
          <line num="35" count="0" type="stmt"/>
          <line num="36" count="0" type="stmt"/>
          <line num="41" count="3" type="stmt"/>
          <line num="46" count="3" type="stmt"/>
          <line num="47" count="0" type="stmt"/>
          <line num="48" count="0" type="stmt"/>
          <line num="49" count="0" type="cond" truecount="0" falsecount="4"/>
          <line num="50" count="0" type="stmt"/>
          <line num="51" count="0" type="cond" truecount="0" falsecount="4"/>
          <line num="52" count="0" type="stmt"/>
          <line num="53" count="0" type="cond" truecount="0" falsecount="4"/>
          <line num="54" count="0" type="stmt"/>
          <line num="55" count="0" type="cond" truecount="0" falsecount="4"/>
          <line num="56" count="0" type="stmt"/>
          <line num="57" count="0" type="cond" truecount="0" falsecount="4"/>
          <line num="58" count="0" type="stmt"/>
          <line num="62" count="0" type="stmt"/>
          <line num="63" count="0" type="cond" truecount="0" falsecount="4"/>
          <line num="64" count="0" type="stmt"/>
          <line num="65" count="0" type="cond" truecount="0" falsecount="4"/>
          <line num="66" count="0" type="stmt"/>
          <line num="67" count="0" type="cond" truecount="0" falsecount="4"/>
          <line num="68" count="0" type="stmt"/>
          <line num="69" count="0" type="cond" truecount="0" falsecount="4"/>
          <line num="70" count="0" type="stmt"/>
          <line num="71" count="0" type="cond" truecount="0" falsecount="4"/>
          <line num="72" count="0" type="stmt"/>
          <line num="76" count="0" type="stmt"/>
          <line num="78" count="0" type="stmt"/>
          <line num="81" count="0" type="stmt"/>
          <line num="86" count="3" type="stmt"/>
          <line num="91" count="3" type="stmt"/>
          <line num="92" count="0" type="stmt"/>
          <line num="93" count="0" type="stmt"/>
          <line num="94" count="0" type="stmt"/>
          <line num="99" count="3" type="stmt"/>
          <line num="104" count="3" type="stmt"/>
          <line num="105" count="0" type="stmt"/>
          <line num="106" count="0" type="stmt"/>
          <line num="109" count="0" type="stmt"/>
        </file>
      </package>
      <package name="PlanItNow.src.components">
        <metrics statements="1" coveredstatements="1" conditionals="0" coveredconditionals="0" methods="0" coveredmethods="0"/>
        <file name="index.js" path="/Users/hacktiv8mac/Documents/finalproject/pin-frontend/PlanItNow/src/components/index.js">
          <metrics statements="1" coveredstatements="1" conditionals="0" coveredconditionals="0" methods="0" coveredmethods="0"/>
          <line num="18" count="2" type="stmt"/>
        </file>
      </package>
      <package name="PlanItNow.src.components.DrawerProfile">
        <metrics statements="8" coveredstatements="0" conditionals="0" coveredconditionals="0" methods="6" coveredmethods="0"/>
        <file name="index.js" path="/Users/hacktiv8mac/Documents/finalproject/pin-frontend/PlanItNow/src/components/DrawerProfile/index.js">
          <metrics statements="8" coveredstatements="0" conditionals="0" coveredconditionals="0" methods="6" coveredmethods="0"/>
          <line num="14" count="0" type="stmt"/>
          <line num="19" count="0" type="stmt"/>
          <line num="20" count="0" type="stmt"/>
          <line num="22" count="0" type="stmt"/>
          <line num="23" count="0" type="stmt"/>
          <line num="25" count="0" type="stmt"/>
          <line num="28" count="0" type="stmt"/>
          <line num="35" count="0" type="stmt"/>
        </file>
      </package>
      <package name="PlanItNow.src.components.EditPassword">
        <metrics statements="4" coveredstatements="1" conditionals="0" coveredconditionals="0" methods="3" coveredmethods="0"/>
        <file name="index.js" path="/Users/hacktiv8mac/Documents/finalproject/pin-frontend/PlanItNow/src/components/EditPassword/index.js">
          <metrics statements="4" coveredstatements="1" conditionals="0" coveredconditionals="0" methods="3" coveredmethods="0"/>
          <line num="15" count="2" type="stmt"/>
          <line num="26" count="0" type="stmt"/>
          <line num="31" count="0" type="stmt"/>
          <line num="57" count="0" type="stmt"/>
        </file>
      </package>
      <package name="PlanItNow.src.components.GeoDirection">
        <metrics statements="10" coveredstatements="0" conditionals="0" coveredconditionals="0" methods="7" coveredmethods="0"/>
        <file name="index.js" path="/Users/hacktiv8mac/Documents/finalproject/pin-frontend/PlanItNow/src/components/GeoDirection/index.js">
          <metrics statements="10" coveredstatements="0" conditionals="0" coveredconditionals="0" methods="7" coveredmethods="0"/>
          <line num="18" count="0" type="stmt"/>
          <line num="19" count="0" type="stmt"/>
          <line num="40" count="0" type="stmt"/>
          <line num="43" count="0" type="stmt"/>
          <line num="52" count="0" type="stmt"/>
          <line num="56" count="0" type="stmt"/>
          <line num="57" count="0" type="stmt"/>
          <line num="74" count="0" type="stmt"/>
          <line num="78" count="0" type="stmt"/>
          <line num="80" count="0" type="stmt"/>
        </file>
      </package>
      <package name="PlanItNow.src.components.ItineraryStepOne">
        <metrics statements="27" coveredstatements="5" conditionals="0" coveredconditionals="0" methods="13" coveredmethods="0"/>
        <file name="index.js" path="/Users/hacktiv8mac/Documents/finalproject/pin-frontend/PlanItNow/src/components/ItineraryStepOne/index.js">
          <metrics statements="27" coveredstatements="5" conditionals="0" coveredconditionals="0" methods="13" coveredmethods="0"/>
          <line num="13" count="3" type="stmt"/>
          <line num="15" count="3" type="stmt"/>
          <line num="16" count="3" type="stmt"/>
          <line num="42" count="0" type="stmt"/>
          <line num="43" count="0" type="stmt"/>
          <line num="54" count="0" type="stmt"/>
          <line num="55" count="0" type="stmt"/>
          <line num="56" count="0" type="stmt"/>
          <line num="58" count="0" type="stmt"/>
          <line num="64" count="0" type="stmt"/>
          <line num="65" count="0" type="stmt"/>
          <line num="66" count="0" type="stmt"/>
          <line num="72" count="0" type="stmt"/>
          <line num="77" count="0" type="stmt"/>
          <line num="78" count="0" type="stmt"/>
          <line num="79" count="0" type="stmt"/>
          <line num="83" count="0" type="stmt"/>
          <line num="84" count="0" type="stmt"/>
          <line num="85" count="0" type="stmt"/>
          <line num="87" count="0" type="stmt"/>
          <line num="103" count="0" type="stmt"/>
          <line num="126" count="0" type="stmt"/>
          <line num="129" count="0" type="stmt"/>
          <line num="144" count="0" type="stmt"/>
          <line num="153" count="3" type="stmt"/>
          <line num="157" count="3" type="stmt"/>
          <line num="158" count="0" type="stmt"/>
        </file>
      </package>
      <package name="PlanItNow.src.components.ItineraryStepThree">
        <metrics statements="63" coveredstatements="4" conditionals="2" coveredconditionals="0" methods="28" coveredmethods="0"/>
        <file name="index.js" path="/Users/hacktiv8mac/Documents/finalproject/pin-frontend/PlanItNow/src/components/ItineraryStepThree/index.js">
          <metrics statements="33" coveredstatements="4" conditionals="0" coveredconditionals="0" methods="15" coveredmethods="0"/>
          <line num="14" count="3" type="stmt"/>
          <line num="15" count="3" type="stmt"/>
          <line num="41" count="0" type="stmt"/>
          <line num="42" count="0" type="stmt"/>
          <line num="48" count="0" type="stmt"/>
          <line num="52" count="0" type="stmt"/>
          <line num="53" count="0" type="stmt"/>
          <line num="54" count="0" type="stmt"/>
          <line num="57" count="0" type="stmt"/>
          <line num="62" count="0" type="stmt"/>
          <line num="63" count="0" type="stmt"/>
          <line num="64" count="0" type="stmt"/>
          <line num="65" count="0" type="stmt"/>
          <line num="68" count="0" type="stmt"/>
          <line num="71" count="0" type="stmt"/>
          <line num="76" count="0" type="stmt"/>
          <line num="80" count="0" type="stmt"/>
          <line num="81" count="0" type="stmt"/>
          <line num="82" count="0" type="stmt"/>
          <line num="86" count="0" type="stmt"/>
          <line num="87" count="0" type="stmt"/>
          <line num="88" count="0" type="stmt"/>
          <line num="94" count="0" type="stmt"/>
          <line num="98" count="0" type="stmt"/>
          <line num="99" count="0" type="stmt"/>
          <line num="101" count="0" type="stmt"/>
          <line num="106" count="0" type="stmt"/>
          <line num="122" count="0" type="stmt"/>
          <line num="137" count="0" type="stmt"/>
          <line num="147" count="3" type="stmt"/>
          <line num="152" count="3" type="stmt"/>
          <line num="153" count="0" type="stmt"/>
          <line num="154" count="0" type="stmt"/>
        </file>
        <file name="scheduleDetail.js" path="/Users/hacktiv8mac/Documents/finalproject/pin-frontend/PlanItNow/src/components/ItineraryStepThree/scheduleDetail.js">
          <metrics statements="30" coveredstatements="0" conditionals="2" coveredconditionals="0" methods="13" coveredmethods="0"/>
          <line num="21" count="0" type="stmt"/>
          <line num="22" count="0" type="stmt"/>
          <line num="29" count="0" type="stmt"/>
          <line num="30" count="0" type="stmt"/>
          <line num="31" count="0" type="stmt"/>
          <line num="36" count="0" type="stmt"/>
          <line num="37" count="0" type="stmt"/>
          <line num="38" count="0" type="stmt"/>
          <line num="42" count="0" type="stmt"/>
          <line num="43" count="0" type="stmt"/>
          <line num="44" count="0" type="stmt"/>
          <line num="45" count="0" type="stmt"/>
          <line num="47" count="0" type="stmt"/>
          <line num="48" count="0" type="stmt"/>
          <line num="49" count="0" type="stmt"/>
          <line num="50" count="0" type="stmt"/>
          <line num="51" count="0" type="stmt"/>
          <line num="57" count="0" type="stmt"/>
          <line num="58" count="0" type="stmt"/>
          <line num="59" count="0" type="stmt"/>
          <line num="60" count="0" type="stmt"/>
          <line num="61" count="0" type="stmt"/>
          <line num="63" count="0" type="stmt"/>
          <line num="70" count="0" type="stmt"/>
          <line num="74" count="0" type="stmt"/>
          <line num="84" count="0" type="stmt"/>
          <line num="96" count="0" type="stmt"/>
          <line num="102" count="0" type="stmt"/>
          <line num="108" count="0" type="stmt"/>
          <line num="109" count="0" type="stmt"/>
        </file>
      </package>
      <package name="PlanItNow.src.components.Login">
        <metrics statements="58" coveredstatements="5" conditionals="18" coveredconditionals="0" methods="29" coveredmethods="0"/>
        <file name="index.js" path="/Users/hacktiv8mac/Documents/finalproject/pin-frontend/PlanItNow/src/components/Login/index.js">
          <metrics statements="58" coveredstatements="5" conditionals="18" coveredconditionals="0" methods="29" coveredmethods="0"/>
          <line num="8" count="3" type="stmt"/>
          <line num="14" count="3" type="stmt"/>
          <line num="18" count="0" type="stmt"/>
          <line num="19" count="0" type="stmt"/>
          <line num="37" count="0" type="stmt"/>
          <line num="38" count="0" type="cond" truecount="0" falsecount="2"/>
          <line num="39" count="0" type="stmt"/>
          <line num="40" count="0" type="cond" truecount="0" falsecount="2"/>
          <line num="41" count="0" type="stmt"/>
          <line num="44" count="0" type="stmt"/>
          <line num="56" count="0" type="stmt"/>
          <line num="57" count="0" type="stmt"/>
          <line num="58" count="0" type="stmt"/>
          <line num="62" count="0" type="cond" truecount="0" falsecount="4"/>
          <line num="63" count="0" type="stmt"/>
          <line num="64" count="0" type="stmt"/>
          <line num="70" count="0" type="cond" truecount="0" falsecount="4"/>
          <line num="71" count="0" type="stmt"/>
          <line num="73" count="0" type="stmt"/>
          <line num="75" count="0" type="stmt"/>
          <line num="80" count="0" type="stmt"/>
          <line num="81" count="0" type="stmt"/>
          <line num="85" count="0" type="stmt"/>
          <line num="86" count="0" type="stmt"/>
          <line num="88" count="0" type="cond" truecount="0" falsecount="2"/>
          <line num="89" count="0" type="stmt"/>
          <line num="93" count="0" type="stmt"/>
          <line num="95" count="0" type="stmt"/>
          <line num="96" count="0" type="stmt"/>
          <line num="97" count="0" type="stmt"/>
          <line num="99" count="0" type="stmt"/>
          <line num="100" count="0" type="stmt"/>
          <line num="101" count="0" type="stmt"/>
          <line num="102" count="0" type="stmt"/>
          <line num="103" count="0" type="stmt"/>
          <line num="105" count="0" type="stmt"/>
          <line num="106" count="0" type="stmt"/>
          <line num="107" count="0" type="stmt"/>
          <line num="108" count="0" type="stmt"/>
          <line num="109" count="0" type="stmt"/>
          <line num="110" count="0" type="stmt"/>
          <line num="111" count="0" type="stmt"/>
          <line num="115" count="0" type="stmt"/>
          <line num="118" count="0" type="stmt"/>
          <line num="123" count="0" type="stmt"/>
          <line num="129" count="0" type="stmt"/>
          <line num="157" count="0" type="stmt"/>
          <line num="167" count="0" type="stmt"/>
          <line num="171" count="0" type="stmt"/>
          <line num="184" count="0" type="stmt"/>
          <line num="215" count="0" type="stmt"/>
          <line num="229" count="3" type="stmt"/>
          <line num="247" count="3" type="stmt"/>
          <line num="251" count="3" type="stmt"/>
          <line num="252" count="0" type="stmt"/>
          <line num="253" count="0" type="stmt"/>
          <line num="254" count="0" type="stmt"/>
          <line num="255" count="0" type="stmt"/>
        </file>
      </package>
      <package name="PlanItNow.src.components.MapDetail">
        <metrics statements="5" coveredstatements="4" conditionals="0" coveredconditionals="0" methods="1" coveredmethods="0"/>
        <file name="index.js" path="/Users/hacktiv8mac/Documents/finalproject/pin-frontend/PlanItNow/src/components/MapDetail/index.js">
          <metrics statements="5" coveredstatements="4" conditionals="0" coveredconditionals="0" methods="1" coveredmethods="0"/>
          <line num="10" count="3" type="stmt"/>
          <line num="11" count="0" type="stmt"/>
          <line num="32" count="3" type="stmt"/>
          <line num="33" count="3" type="stmt"/>
          <line num="35" count="3" type="stmt"/>
        </file>
      </package>
      <package name="PlanItNow.src.components.Profile">
        <metrics statements="31" coveredstatements="2" conditionals="4" coveredconditionals="0" methods="23" coveredmethods="0"/>
        <file name="Tags.js" path="/Users/hacktiv8mac/Documents/finalproject/pin-frontend/PlanItNow/src/components/Profile/Tags.js">
          <metrics statements="5" coveredstatements="0" conditionals="0" coveredconditionals="0" methods="3" coveredmethods="0"/>
          <line num="6" count="0" type="stmt"/>
          <line num="10" count="0" type="stmt"/>
          <line num="11" count="0" type="stmt"/>
          <line num="12" count="0" type="stmt"/>
          <line num="13" count="0" type="stmt"/>
        </file>
        <file name="index.js" path="/Users/hacktiv8mac/Documents/finalproject/pin-frontend/PlanItNow/src/components/Profile/index.js">
          <metrics statements="26" coveredstatements="2" conditionals="4" coveredconditionals="0" methods="20" coveredmethods="0"/>
          <line num="18" count="0" type="stmt"/>
          <line num="22" count="0" type="stmt"/>
          <line num="25" count="0" type="stmt"/>
          <line num="29" count="0" type="stmt"/>
          <line num="31" count="0" type="cond" truecount="0" falsecount="2"/>
          <line num="32" count="0" type="stmt"/>
          <line num="33" count="0" type="stmt"/>
          <line num="38" count="0" type="stmt"/>
          <line num="39" count="0" type="stmt"/>
          <line num="40" count="0" type="stmt"/>
          <line num="44" count="0" type="stmt"/>
          <line num="48" count="0" type="stmt"/>
          <line num="52" count="0" type="stmt"/>
          <line num="57" count="0" type="stmt"/>
          <line num="83" count="0" type="stmt"/>
          <line num="91" count="0" type="stmt"/>
          <line num="93" count="0" type="stmt"/>
          <line num="96" count="0" type="stmt"/>
          <line num="101" count="0" type="stmt"/>
          <line num="122" count="0" type="stmt"/>
          <line num="124" count="0" type="stmt"/>
          <line num="159" count="0" type="stmt"/>
          <line num="180" count="3" type="stmt"/>
          <line num="184" count="3" type="stmt"/>
          <line num="185" count="0" type="stmt"/>
          <line num="186" count="0" type="stmt"/>
        </file>
      </package>
      <package name="PlanItNow.src.components.Recomendation">
        <metrics statements="63" coveredstatements="11" conditionals="10" coveredconditionals="0" methods="34" coveredmethods="0"/>
        <file name="index.js" path="/Users/hacktiv8mac/Documents/finalproject/pin-frontend/PlanItNow/src/components/Recomendation/index.js">
          <metrics statements="63" coveredstatements="11" conditionals="10" coveredconditionals="0" methods="34" coveredmethods="0"/>
          <line num="16" count="3" type="stmt"/>
          <line num="17" count="3" type="stmt"/>
          <line num="41" count="3" type="stmt"/>
          <line num="42" count="3" type="stmt"/>
          <line num="43" count="3" type="stmt"/>
          <line num="45" count="3" type="stmt"/>
          <line num="49" count="0" type="stmt"/>
          <line num="56" count="0" type="stmt"/>
          <line num="57" count="0" type="stmt"/>
          <line num="77" count="0" type="stmt"/>
          <line num="81" count="0" type="stmt"/>
          <line num="82" count="0" type="stmt"/>
          <line num="86" count="0" type="stmt"/>
          <line num="93" count="0" type="stmt"/>
          <line num="97" count="0" type="cond" truecount="0" falsecount="2"/>
          <line num="98" count="0" type="stmt"/>
          <line num="113" count="0" type="stmt"/>
          <line num="117" count="0" type="stmt"/>
          <line num="139" count="0" type="stmt"/>
          <line num="145" count="0" type="cond" truecount="0" falsecount="2"/>
          <line num="146" count="0" type="cond" truecount="0" falsecount="2"/>
          <line num="147" count="0" type="stmt"/>
          <line num="148" count="0" type="stmt"/>
          <line num="149" count="0" type="stmt"/>
          <line num="150" count="0" type="stmt"/>
          <line num="151" count="0" type="stmt"/>
          <line num="152" count="0" type="cond" truecount="0" falsecount="2"/>
          <line num="153" count="0" type="stmt"/>
          <line num="154" count="0" type="stmt"/>
          <line num="155" count="0" type="stmt"/>
          <line num="156" count="0" type="stmt"/>
          <line num="157" count="0" type="stmt"/>
          <line num="160" count="0" type="stmt"/>
          <line num="161" count="0" type="stmt"/>
          <line num="162" count="0" type="stmt"/>
          <line num="169" count="0" type="stmt"/>
          <line num="179" count="0" type="stmt"/>
          <line num="183" count="0" type="stmt"/>
          <line num="190" count="0" type="stmt"/>
          <line num="197" count="0" type="stmt"/>
          <line num="198" count="0" type="stmt"/>
          <line num="199" count="0" type="stmt"/>
          <line num="204" count="0" type="stmt"/>
          <line num="208" count="0" type="stmt"/>
          <line num="214" count="0" type="stmt"/>
          <line num="215" count="0" type="stmt"/>
          <line num="220" count="0" type="stmt"/>
          <line num="234" count="0" type="stmt"/>
          <line num="239" count="0" type="stmt"/>
          <line num="240" count="0" type="stmt"/>
          <line num="244" count="0" type="stmt"/>
          <line num="245" count="0" type="stmt"/>
          <line num="248" count="0" type="stmt"/>
          <line num="257" count="0" type="stmt"/>
          <line num="264" count="0" type="stmt"/>
          <line num="289" count="0" type="stmt"/>
          <line num="295" count="0" type="stmt"/>
          <line num="308" count="3" type="stmt"/>
          <line num="309" count="3" type="stmt"/>
          <line num="311" count="3" type="stmt"/>
          <line num="342" count="3" type="stmt"/>
          <line num="346" count="3" type="stmt"/>
          <line num="347" count="0" type="stmt"/>
        </file>
      </package>
      <package name="PlanItNow.src.components.Register">
        <metrics statements="39" coveredstatements="3" conditionals="15" coveredconditionals="0" methods="14" coveredmethods="0"/>
        <file name="index.js" path="/Users/hacktiv8mac/Documents/finalproject/pin-frontend/PlanItNow/src/components/Register/index.js">
          <metrics statements="39" coveredstatements="3" conditionals="15" coveredconditionals="0" methods="14" coveredmethods="0"/>
          <line num="12" count="0" type="stmt"/>
          <line num="13" count="0" type="stmt"/>
          <line num="34" count="0" type="stmt"/>
          <line num="35" count="0" type="stmt"/>
          <line num="36" count="0" type="stmt"/>
          <line num="40" count="0" type="cond" truecount="0" falsecount="4"/>
          <line num="41" count="0" type="stmt"/>
          <line num="42" count="0" type="stmt"/>
          <line num="48" count="0" type="stmt"/>
          <line num="49" count="0" type="stmt"/>
          <line num="50" count="0" type="stmt"/>
          <line num="51" count="0" type="stmt"/>
          <line num="52" count="0" type="cond" truecount="0" falsecount="2"/>
          <line num="53" count="0" type="stmt"/>
          <line num="54" count="0" type="stmt"/>
          <line num="56" count="0" type="stmt"/>
          <line num="59" count="0" type="stmt"/>
          <line num="60" count="0" type="cond" truecount="0" falsecount="2"/>
          <line num="61" count="0" type="stmt"/>
          <line num="62" count="0" type="stmt"/>
          <line num="64" count="0" type="stmt"/>
          <line num="67" count="0" type="stmt"/>
          <line num="68" count="0" type="cond" truecount="0" falsecount="2"/>
          <line num="69" count="0" type="stmt"/>
          <line num="70" count="0" type="stmt"/>
          <line num="72" count="0" type="stmt"/>
          <line num="75" count="0" type="cond" truecount="0" falsecount="5"/>
          <line num="76" count="0" type="stmt"/>
          <line num="77" count="0" type="stmt"/>
          <line num="82" count="0" type="stmt"/>
          <line num="110" count="0" type="stmt"/>
          <line num="119" count="0" type="stmt"/>
          <line num="129" count="0" type="stmt"/>
          <line num="133" count="0" type="stmt"/>
          <line num="161" count="3" type="stmt"/>
          <line num="179" count="3" type="stmt"/>
          <line num="183" count="3" type="stmt"/>
          <line num="184" count="0" type="stmt"/>
          <line num="185" count="0" type="stmt"/>
        </file>
      </package>
      <package name="PlanItNow.src.components.inputQuery">
        <metrics statements="21" coveredstatements="5" conditionals="6" coveredconditionals="0" methods="11" coveredmethods="0"/>
        <file name="index.js" path="/Users/hacktiv8mac/Documents/finalproject/pin-frontend/PlanItNow/src/components/inputQuery/index.js">
          <metrics statements="21" coveredstatements="5" conditionals="6" coveredconditionals="0" methods="11" coveredmethods="0"/>
          <line num="14" count="3" type="stmt"/>
          <line num="16" count="3" type="stmt"/>
          <line num="17" count="3" type="stmt"/>
          <line num="43" count="0" type="stmt"/>
          <line num="44" count="0" type="stmt"/>
          <line num="51" count="0" type="stmt"/>
          <line num="59" count="0" type="stmt"/>
          <line num="65" count="0" type="stmt"/>
          <line num="75" count="0" type="stmt"/>
          <line num="76" count="0" type="cond" truecount="0" falsecount="2"/>
          <line num="78" count="0" type="stmt"/>
          <line num="79" count="0" type="stmt"/>
          <line num="80" count="0" type="stmt"/>
          <line num="82" count="0" type="stmt"/>
          <line num="93" count="0" type="stmt"/>
          <line num="120" count="0" type="stmt"/>
          <line num="127" count="0" type="cond" truecount="0" falsecount="4"/>
          <line num="148" count="0" type="stmt"/>
          <line num="157" count="3" type="stmt"/>
          <line num="161" count="3" type="stmt"/>
          <line num="162" count="0" type="stmt"/>
        </file>
      </package>
      <package name="PlanItNow.src.components.itineraryDetail">
        <metrics statements="14" coveredstatements="0" conditionals="0" coveredconditionals="0" methods="9" coveredmethods="0"/>
        <file name="index.js" path="/Users/hacktiv8mac/Documents/finalproject/pin-frontend/PlanItNow/src/components/itineraryDetail/index.js">
          <metrics statements="14" coveredstatements="0" conditionals="0" coveredconditionals="0" methods="9" coveredmethods="0"/>
          <line num="28" count="0" type="stmt"/>
          <line num="29" count="0" type="stmt"/>
          <line num="35" count="0" type="stmt"/>
          <line num="39" count="0" type="stmt"/>
          <line num="40" count="0" type="stmt"/>
          <line num="41" count="0" type="stmt"/>
          <line num="42" count="0" type="stmt"/>
          <line num="45" count="0" type="stmt"/>
          <line num="48" count="0" type="stmt"/>
          <line num="54" count="0" type="stmt"/>
          <line num="55" count="0" type="stmt"/>
          <line num="59" count="0" type="stmt"/>
          <line num="69" count="0" type="stmt"/>
          <line num="81" count="0" type="stmt"/>
        </file>
      </package>
      <package name="PlanItNow.src.components.step2">
        <metrics statements="35" coveredstatements="4" conditionals="0" coveredconditionals="0" methods="18" coveredmethods="0"/>
        <file name="index.js" path="/Users/hacktiv8mac/Documents/finalproject/pin-frontend/PlanItNow/src/components/step2/index.js">
          <metrics statements="35" coveredstatements="4" conditionals="0" coveredconditionals="0" methods="18" coveredmethods="0"/>
          <line num="14" count="3" type="stmt"/>
          <line num="15" count="3" type="stmt"/>
          <line num="41" count="0" type="stmt"/>
          <line num="56" count="0" type="stmt"/>
          <line num="57" count="0" type="stmt"/>
          <line num="68" count="0" type="stmt"/>
          <line num="69" count="0" type="stmt"/>
          <line num="70" count="0" type="stmt"/>
          <line num="71" count="0" type="stmt"/>
          <line num="72" count="0" type="stmt"/>
          <line num="76" count="0" type="stmt"/>
          <line num="77" count="0" type="stmt"/>
          <line num="84" count="0" type="stmt"/>
          <line num="86" count="0" type="stmt"/>
          <line num="90" count="0" type="stmt"/>
          <line num="91" count="0" type="stmt"/>
          <line num="92" count="0" type="stmt"/>
          <line num="93" count="0" type="stmt"/>
          <line num="94" count="0" type="stmt"/>
          <line num="98" count="0" type="stmt"/>
          <line num="101" count="0" type="stmt"/>
          <line num="105" count="0" type="stmt"/>
          <line num="106" count="0" type="stmt"/>
          <line num="111" count="0" type="stmt"/>
          <line num="125" count="0" type="stmt"/>
          <line num="129" count="0" type="stmt"/>
          <line num="141" count="0" type="stmt"/>
          <line num="142" count="0" type="stmt"/>
          <line num="144" count="0" type="stmt"/>
          <line num="150" count="0" type="stmt"/>
          <line num="152" count="0" type="stmt"/>
          <line num="166" count="0" type="stmt"/>
          <line num="175" count="3" type="stmt"/>
          <line num="179" count="3" type="stmt"/>
          <line num="180" count="0" type="stmt"/>
        </file>
      </package>
      <package name="PlanItNow.src.reducers">
        <metrics statements="45" coveredstatements="24" conditionals="35" coveredconditionals="15" methods="10" coveredmethods="6"/>
        <file name="index.js" path="/Users/hacktiv8mac/Documents/finalproject/pin-frontend/PlanItNow/src/reducers/index.js">
          <metrics statements="1" coveredstatements="1" conditionals="0" coveredconditionals="0" methods="0" coveredmethods="0"/>
          <line num="7" count="2" type="stmt"/>
        </file>
        <file name="itineraryReducer.js" path="/Users/hacktiv8mac/Documents/finalproject/pin-frontend/PlanItNow/src/reducers/itineraryReducer.js">
          <metrics statements="6" coveredstatements="3" conditionals="4" coveredconditionals="2" methods="1" coveredmethods="1"/>
          <line num="3" count="2" type="cond" truecount="1" falsecount="0"/>
          <line num="4" count="7" type="cond" truecount="1" falsecount="2"/>
          <line num="6" count="0" type="stmt"/>
          <line num="10" count="0" type="stmt"/>
          <line num="13" count="0" type="stmt"/>
          <line num="15" count="7" type="stmt"/>
        </file>
        <file name="placeReducer.js" path="/Users/hacktiv8mac/Documents/finalproject/pin-frontend/PlanItNow/src/reducers/placeReducer.js">
          <metrics statements="8" coveredstatements="4" conditionals="6" coveredconditionals="2" methods="1" coveredmethods="1"/>
          <line num="3" count="2" type="stmt"/>
          <line num="16" count="2" type="cond" truecount="1" falsecount="0"/>
          <line num="17" count="7" type="cond" truecount="1" falsecount="4"/>
          <line num="19" count="0" type="stmt"/>
          <line num="25" count="0" type="stmt"/>
          <line num="31" count="0" type="stmt"/>
          <line num="37" count="0" type="stmt"/>
          <line num="42" count="7" type="stmt"/>
        </file>
        <file name="userReducer.js" path="/Users/hacktiv8mac/Documents/finalproject/pin-frontend/PlanItNow/src/reducers/userReducer.js">
          <metrics statements="30" coveredstatements="16" conditionals="25" coveredconditionals="11" methods="8" coveredmethods="4"/>
          <line num="7" count="3" type="stmt"/>
          <line num="17" count="1" type="cond" truecount="3" falsecount="1"/>
          <line num="18" count="0" type="stmt"/>
          <line num="20" count="1" type="stmt"/>
          <line num="21" count="1" type="stmt"/>
          <line num="30" count="0" type="stmt"/>
          <line num="39" count="1" type="stmt"/>
          <line num="40" count="0" type="cond" truecount="0" falsecount="2"/>
          <line num="48" count="1" type="stmt"/>
          <line num="49" count="0" type="cond" truecount="0" falsecount="2"/>
          <line num="51" count="1" type="stmt"/>
          <line num="55" count="1" type="cond" truecount="3" falsecount="1"/>
          <line num="56" count="0" type="stmt"/>
          <line num="58" count="1" type="stmt"/>
          <line num="59" count="1" type="stmt"/>
          <line num="67" count="0" type="cond" truecount="0" falsecount="4"/>
          <line num="68" count="0" type="stmt"/>
          <line num="70" count="0" type="stmt"/>
          <line num="71" count="0" type="stmt"/>
          <line num="72" count="0" type="stmt"/>
          <line num="79" count="3" type="cond" truecount="1" falsecount="0"/>
          <line num="80" count="10" type="cond" truecount="4" falsecount="4"/>
          <line num="81" count="1" type="stmt"/>
          <line num="82" count="0" type="stmt"/>
          <line num="83" count="1" type="stmt"/>
          <line num="84" count="0" type="stmt"/>
          <line num="88" count="0" type="stmt"/>
          <line num="89" count="0" type="stmt"/>
          <line num="94" count="1" type="stmt"/>
          <line num="95" count="7" type="stmt"/>
        </file>
      </package>
      <package name="PlanItNow.src.store">
        <metrics statements="1" coveredstatements="1" conditionals="0" coveredconditionals="0" methods="0" coveredmethods="0"/>
        <file name="index.js" path="/Users/hacktiv8mac/Documents/finalproject/pin-frontend/PlanItNow/src/store/index.js">
          <metrics statements="1" coveredstatements="1" conditionals="0" coveredconditionals="0" methods="0" coveredmethods="0"/>
          <line num="7" count="2" type="stmt"/>
        </file>
      </package>
    </metrics>
  </project>
</coverage>
