{"/Users/hacktiv8mac/Documents/finalproject/pin-frontend/PlanItNow/index.android.js": {"path":"/Users/hacktiv8mac/Documents/finalproject/pin-frontend/PlanItNow/index.android.js","statementMap":{"0":{"start":{"line":19,"column":4},"end":{"line":23,"column":6}},"1":{"start":{"line":28,"column":0},"end":{"line":28,"column":60}},"2":{"start":{"line":28,"column":49},"end":{"line":28,"column":58}}},"fnMap":{"0":{"name":"(anonymous_0)","decl":{"start":{"line":18,"column":2},"end":{"line":18,"column":3}},"loc":{"start":{"line":18,"column":11},"end":{"line":24,"column":3}},"line":18},"1":{"name":"(anonymous_1)","decl":{"start":{"line":28,"column":43},"end":{"line":28,"column":44}},"loc":{"start":{"line":28,"column":49},"end":{"line":28,"column":58}},"line":28}},"branchMap":{},"s":{"0":1,"1":2,"2":0},"f":{"0":1,"1":0},"b":{},"_coverageSchema":"332fd63041d2c1bcb487cc26dd0d5f7d97098a6c","hash":"8e39ad54825cefba63faf6fec67160389b6df888"}
,"/Users/hacktiv8mac/Documents/finalproject/pin-frontend/PlanItNow/index.ios.js": {"path":"/Users/hacktiv8mac/Documents/finalproject/pin-frontend/PlanItNow/index.ios.js","statementMap":{"0":{"start":{"line":17,"column":4},"end":{"line":30,"column":6}},"1":{"start":{"line":34,"column":15},"end":{"line":51,"column":2}},"2":{"start":{"line":53,"column":0},"end":{"line":53,"column":60}},"3":{"start":{"line":53,"column":49},"end":{"line":53,"column":58}}},"fnMap":{"0":{"name":"(anonymous_0)","decl":{"start":{"line":16,"column":2},"end":{"line":16,"column":3}},"loc":{"start":{"line":16,"column":11},"end":{"line":31,"column":3}},"line":16},"1":{"name":"(anonymous_1)","decl":{"start":{"line":53,"column":43},"end":{"line":53,"column":44}},"loc":{"start":{"line":53,"column":49},"end":{"line":53,"column":58}},"line":53}},"branchMap":{},"s":{"0":1,"1":1,"2":1,"3":0},"f":{"0":1,"1":0},"b":{},"_coverageSchema":"332fd63041d2c1bcb487cc26dd0d5f7d97098a6c","hash":"4e1decf284aa18123097f524a9eec6d7325beed5"}
,"/Users/hacktiv8mac/Documents/finalproject/pin-frontend/PlanItNow/jest/setup.js": {"path":"/Users/hacktiv8mac/Documents/finalproject/pin-frontend/PlanItNow/jest/setup.js","statementMap":{"0":{"start":{"line":1,"column":0},"end":{"line":9,"column":2}},"1":{"start":{"line":2,"column":2},"end":{"line":8,"column":3}}},"fnMap":{"0":{"name":"(anonymous_0)","decl":{"start":{"line":1,"column":21},"end":{"line":1,"column":22}},"loc":{"start":{"line":1,"column":27},"end":{"line":9,"column":1}},"line":1}},"branchMap":{},"s":{"0":4,"1":2},"f":{"0":2},"b":{},"_coverageSchema":"332fd63041d2c1bcb487cc26dd0d5f7d97098a6c","hash":"dbf66daa4366a24d48d328632030594fb238436a"}
,"/Users/hacktiv8mac/Documents/finalproject/pin-frontend/PlanItNow/src/actions/constants.js": {"path":"/Users/hacktiv8mac/Documents/finalproject/pin-frontend/PlanItNow/src/actions/constants.js","statementMap":{"0":{"start":{"line":1,"column":24},"end":{"line":1,"column":34}},"1":{"start":{"line":2,"column":26},"end":{"line":2,"column":38}},"2":{"start":{"line":3,"column":27},"end":{"line":3,"column":40}},"3":{"start":{"line":4,"column":27},"end":{"line":4,"column":40}},"4":{"start":{"line":5,"column":31},"end":{"line":5,"column":48}},"5":{"start":{"line":6,"column":28},"end":{"line":6,"column":42}},"6":{"start":{"line":7,"column":30},"end":{"line":7,"column":46}},"7":{"start":{"line":8,"column":29},"end":{"line":8,"column":44}},"8":{"start":{"line":9,"column":29},"end":{"line":9,"column":44}},"9":{"start":{"line":10,"column":27},"end":{"line":10,"column":40}},"10":{"start":{"line":11,"column":25},"end":{"line":11,"column":36}},"11":{"start":{"line":12,"column":26},"end":{"line":12,"column":38}},"12":{"start":{"line":13,"column":27},"end":{"line":13,"column":40}}},"fnMap":{},"branchMap":{},"s":{"0":3,"1":3,"2":3,"3":3,"4":3,"5":3,"6":3,"7":3,"8":3,"9":3,"10":3,"11":3,"12":3},"f":{},"b":{},"_coverageSchema":"332fd63041d2c1bcb487cc26dd0d5f7d97098a6c","hash":"db029669074efe5088b678b03ae116bd92e808d2"}
,"/Users/hacktiv8mac/Documents/finalproject/pin-frontend/PlanItNow/src/actions/index.js": {"path":"/Users/hacktiv8mac/Documents/finalproject/pin-frontend/PlanItNow/src/actions/index.js","statementMap":{},"fnMap":{},"branchMap":{},"s":{},"f":{},"b":{},"_coverageSchema":"332fd63041d2c1bcb487cc26dd0d5f7d97098a6c","hash":"db2cb128851dd05428e78ff3d9a89022b79f1d10"}
,"/Users/hacktiv8mac/Documents/finalproject/pin-frontend/PlanItNow/src/actions/itineraryAction.js": {"path":"/Users/hacktiv8mac/Documents/finalproject/pin-frontend/PlanItNow/src/actions/itineraryAction.js","statementMap":{"0":{"start":{"line":5,"column":24},"end":{"line":8,"column":2}},"1":{"start":{"line":5,"column":35},"end":{"line":8,"column":1}},"2":{"start":{"line":10,"column":29},"end":{"line":19,"column":1}},"3":{"start":{"line":11,"column":2},"end":{"line":18,"column":3}},"4":{"start":{"line":12,"column":4},"end":{"line":17,"column":55}},"5":{"start":{"line":17,"column":19},"end":{"line":17,"column":54}},"6":{"start":{"line":21,"column":25},"end":{"line":24,"column":2}},"7":{"start":{"line":21,"column":36},"end":{"line":24,"column":1}},"8":{"start":{"line":26,"column":25},"end":{"line":31,"column":1}},"9":{"start":{"line":27,"column":2},"end":{"line":30,"column":3}},"10":{"start":{"line":28,"column":4},"end":{"line":29,"column":54}},"11":{"start":{"line":29,"column":17},"end":{"line":29,"column":53}}},"fnMap":{"0":{"name":"(anonymous_0)","decl":{"start":{"line":5,"column":24},"end":{"line":5,"column":25}},"loc":{"start":{"line":5,"column":35},"end":{"line":8,"column":1}},"line":5},"1":{"name":"(anonymous_1)","decl":{"start":{"line":10,"column":29},"end":{"line":10,"column":30}},"loc":{"start":{"line":11,"column":2},"end":{"line":18,"column":3}},"line":11},"2":{"name":"(anonymous_2)","decl":{"start":{"line":11,"column":2},"end":{"line":11,"column":3}},"loc":{"start":{"line":12,"column":4},"end":{"line":17,"column":55}},"line":12},"3":{"name":"(anonymous_3)","decl":{"start":{"line":17,"column":10},"end":{"line":17,"column":11}},"loc":{"start":{"line":17,"column":19},"end":{"line":17,"column":54}},"line":17},"4":{"name":"(anonymous_4)","decl":{"start":{"line":21,"column":25},"end":{"line":21,"column":26}},"loc":{"start":{"line":21,"column":36},"end":{"line":24,"column":1}},"line":21},"5":{"name":"(anonymous_5)","decl":{"start":{"line":26,"column":25},"end":{"line":26,"column":26}},"loc":{"start":{"line":27,"column":2},"end":{"line":30,"column":3}},"line":27},"6":{"name":"(anonymous_6)","decl":{"start":{"line":27,"column":2},"end":{"line":27,"column":3}},"loc":{"start":{"line":28,"column":4},"end":{"line":29,"column":54}},"line":28},"7":{"name":"(anonymous_7)","decl":{"start":{"line":29,"column":10},"end":{"line":29,"column":11}},"loc":{"start":{"line":29,"column":17},"end":{"line":29,"column":53}},"line":29}},"branchMap":{},"s":{"0":2,"1":0,"2":2,"3":0,"4":0,"5":0,"6":2,"7":0,"8":2,"9":0,"10":0,"11":0},"f":{"0":0,"1":0,"2":0,"3":0,"4":0,"5":0,"6":0,"7":0},"b":{},"_coverageSchema":"332fd63041d2c1bcb487cc26dd0d5f7d97098a6c","hash":"45d6d127231f1be8f4b1af0188318ad975146f75"}
,"/Users/hacktiv8mac/Documents/finalproject/pin-frontend/PlanItNow/src/actions/placeAction.js": {"path":"/Users/hacktiv8mac/Documents/finalproject/pin-frontend/PlanItNow/src/actions/placeAction.js","statementMap":{"0":{"start":{"line":5,"column":28},"end":{"line":67,"column":1}},"1":{"start":{"line":6,"column":20},"end":{"line":6,"column":24}},"2":{"start":{"line":8,"column":16},"end":{"line":8,"column":82}},"3":{"start":{"line":8,"column":44},"end":{"line":8,"column":81}},"4":{"start":{"line":9,"column":15},"end":{"line":9,"column":80}},"5":{"start":{"line":9,"column":43},"end":{"line":9,"column":79}},"6":{"start":{"line":10,"column":17},"end":{"line":10,"column":84}},"7":{"start":{"line":10,"column":45},"end":{"line":10,"column":83}},"8":{"start":{"line":11,"column":21},"end":{"line":11,"column":92}},"9":{"start":{"line":11,"column":49},"end":{"line":11,"column":91}},"10":{"start":{"line":12,"column":12},"end":{"line":12,"column":74}},"11":{"start":{"line":12,"column":40},"end":{"line":12,"column":73}},"12":{"start":{"line":14,"column":15},"end":{"line":14,"column":17}},"13":{"start":{"line":16,"column":2},"end":{"line":47,"column":3}},"14":{"start":{"line":17,"column":4},"end":{"line":19,"column":5}},"15":{"start":{"line":18,"column":6},"end":{"line":18,"column":35}},"16":{"start":{"line":20,"column":4},"end":{"line":22,"column":5}},"17":{"start":{"line":21,"column":6},"end":{"line":21,"column":34}},"18":{"start":{"line":23,"column":4},"end":{"line":25,"column":5}},"19":{"start":{"line":24,"column":6},"end":{"line":24,"column":36}},"20":{"start":{"line":26,"column":4},"end":{"line":28,"column":5}},"21":{"start":{"line":27,"column":6},"end":{"line":27,"column":40}},"22":{"start":{"line":29,"column":4},"end":{"line":31,"column":5}},"23":{"start":{"line":30,"column":6},"end":{"line":30,"column":31}},"24":{"start":{"line":32,"column":4},"end":{"line":34,"column":5}},"25":{"start":{"line":33,"column":6},"end":{"line":33,"column":35}},"26":{"start":{"line":35,"column":4},"end":{"line":37,"column":5}},"27":{"start":{"line":36,"column":6},"end":{"line":36,"column":34}},"28":{"start":{"line":38,"column":4},"end":{"line":40,"column":5}},"29":{"start":{"line":39,"column":6},"end":{"line":39,"column":36}},"30":{"start":{"line":41,"column":4},"end":{"line":43,"column":5}},"31":{"start":{"line":42,"column":6},"end":{"line":42,"column":40}},"32":{"start":{"line":44,"column":4},"end":{"line":46,"column":5}},"33":{"start":{"line":45,"column":6},"end":{"line":45,"column":31}},"34":{"start":{"line":49,"column":2},"end":{"line":65,"column":3}},"35":{"start":{"line":50,"column":4},"end":{"line":52,"column":5}},"36":{"start":{"line":51,"column":6},"end":{"line":51,"column":35}},"37":{"start":{"line":53,"column":4},"end":{"line":55,"column":5}},"38":{"start":{"line":54,"column":6},"end":{"line":54,"column":34}},"39":{"start":{"line":56,"column":4},"end":{"line":58,"column":5}},"40":{"start":{"line":57,"column":6},"end":{"line":57,"column":36}},"41":{"start":{"line":59,"column":4},"end":{"line":61,"column":5}},"42":{"start":{"line":60,"column":6},"end":{"line":60,"column":40}},"43":{"start":{"line":62,"column":4},"end":{"line":64,"column":5}},"44":{"start":{"line":63,"column":6},"end":{"line":63,"column":31}},"45":{"start":{"line":66,"column":2},"end":{"line":66,"column":16}},"46":{"start":{"line":69,"column":28},"end":{"line":72,"column":2}},"47":{"start":{"line":69,"column":39},"end":{"line":72,"column":1}},"48":{"start":{"line":74,"column":28},"end":{"line":77,"column":2}},"49":{"start":{"line":74,"column":39},"end":{"line":77,"column":1}},"50":{"start":{"line":79,"column":26},"end":{"line":85,"column":2}},"51":{"start":{"line":79,"column":47},"end":{"line":85,"column":1}},"52":{"start":{"line":87,"column":27},"end":{"line":94,"column":1}},"53":{"start":{"line":88,"column":2},"end":{"line":93,"column":3}},"54":{"start":{"line":90,"column":6},"end":{"line":91,"column":71}},"55":{"start":{"line":91,"column":22},"end":{"line":91,"column":69}},"56":{"start":{"line":96,"column":29},"end":{"line":108,"column":1}},"57":{"start":{"line":97,"column":23},"end":{"line":102,"column":5}},"58":{"start":{"line":97,"column":50},"end":{"line":102,"column":3}},"59":{"start":{"line":103,"column":2},"end":{"line":107,"column":3}}},"fnMap":{"0":{"name":"(anonymous_0)","decl":{"start":{"line":5,"column":28},"end":{"line":5,"column":29}},"loc":{"start":{"line":5,"column":43},"end":{"line":67,"column":1}},"line":5},"1":{"name":"(anonymous_1)","decl":{"start":{"line":8,"column":35},"end":{"line":8,"column":36}},"loc":{"start":{"line":8,"column":44},"end":{"line":8,"column":81}},"line":8},"2":{"name":"(anonymous_2)","decl":{"start":{"line":9,"column":34},"end":{"line":9,"column":35}},"loc":{"start":{"line":9,"column":43},"end":{"line":9,"column":79}},"line":9},"3":{"name":"(anonymous_3)","decl":{"start":{"line":10,"column":36},"end":{"line":10,"column":37}},"loc":{"start":{"line":10,"column":45},"end":{"line":10,"column":83}},"line":10},"4":{"name":"(anonymous_4)","decl":{"start":{"line":11,"column":40},"end":{"line":11,"column":41}},"loc":{"start":{"line":11,"column":49},"end":{"line":11,"column":91}},"line":11},"5":{"name":"(anonymous_5)","decl":{"start":{"line":12,"column":31},"end":{"line":12,"column":32}},"loc":{"start":{"line":12,"column":40},"end":{"line":12,"column":73}},"line":12},"6":{"name":"(anonymous_6)","decl":{"start":{"line":69,"column":28},"end":{"line":69,"column":29}},"loc":{"start":{"line":69,"column":39},"end":{"line":72,"column":1}},"line":69},"7":{"name":"(anonymous_7)","decl":{"start":{"line":74,"column":28},"end":{"line":74,"column":29}},"loc":{"start":{"line":74,"column":39},"end":{"line":77,"column":1}},"line":74},"8":{"name":"(anonymous_8)","decl":{"start":{"line":79,"column":26},"end":{"line":79,"column":27}},"loc":{"start":{"line":79,"column":47},"end":{"line":85,"column":1}},"line":79},"9":{"name":"(anonymous_9)","decl":{"start":{"line":87,"column":27},"end":{"line":87,"column":28}},"loc":{"start":{"line":87,"column":47},"end":{"line":94,"column":1}},"line":87},"10":{"name":"(anonymous_10)","decl":{"start":{"line":89,"column":4},"end":{"line":89,"column":5}},"loc":{"start":{"line":90,"column":6},"end":{"line":91,"column":71}},"line":90},"11":{"name":"(anonymous_11)","decl":{"start":{"line":91,"column":12},"end":{"line":91,"column":13}},"loc":{"start":{"line":91,"column":22},"end":{"line":91,"column":69}},"line":91},"12":{"name":"(anonymous_12)","decl":{"start":{"line":96,"column":29},"end":{"line":96,"column":30}},"loc":{"start":{"line":96,"column":61},"end":{"line":108,"column":1}},"line":96},"13":{"name":"(anonymous_13)","decl":{"start":{"line":97,"column":40},"end":{"line":97,"column":41}},"loc":{"start":{"line":97,"column":50},"end":{"line":102,"column":3}},"line":97}},"branchMap":{"0":{"loc":{"start":{"line":17,"column":4},"end":{"line":19,"column":5}},"type":"if","locations":[{"start":{"line":17,"column":4},"end":{"line":19,"column":5}},{"start":{"line":17,"column":4},"end":{"line":19,"column":5}}],"line":17},"1":{"loc":{"start":{"line":17,"column":7},"end":{"line":17,"column":47}},"type":"binary-expr","locations":[{"start":{"line":17,"column":7},"end":{"line":17,"column":24}},{"start":{"line":17,"column":28},"end":{"line":17,"column":47}}],"line":17},"2":{"loc":{"start":{"line":20,"column":4},"end":{"line":22,"column":5}},"type":"if","locations":[{"start":{"line":20,"column":4},"end":{"line":22,"column":5}},{"start":{"line":20,"column":4},"end":{"line":22,"column":5}}],"line":20},"3":{"loc":{"start":{"line":20,"column":7},"end":{"line":20,"column":45}},"type":"binary-expr","locations":[{"start":{"line":20,"column":7},"end":{"line":20,"column":23}},{"start":{"line":20,"column":27},"end":{"line":20,"column":45}}],"line":20},"4":{"loc":{"start":{"line":23,"column":4},"end":{"line":25,"column":5}},"type":"if","locations":[{"start":{"line":23,"column":4},"end":{"line":25,"column":5}},{"start":{"line":23,"column":4},"end":{"line":25,"column":5}}],"line":23},"5":{"loc":{"start":{"line":23,"column":7},"end":{"line":23,"column":49}},"type":"binary-expr","locations":[{"start":{"line":23,"column":7},"end":{"line":23,"column":25}},{"start":{"line":23,"column":29},"end":{"line":23,"column":49}}],"line":23},"6":{"loc":{"start":{"line":26,"column":4},"end":{"line":28,"column":5}},"type":"if","locations":[{"start":{"line":26,"column":4},"end":{"line":28,"column":5}},{"start":{"line":26,"column":4},"end":{"line":28,"column":5}}],"line":26},"7":{"loc":{"start":{"line":26,"column":7},"end":{"line":26,"column":57}},"type":"binary-expr","locations":[{"start":{"line":26,"column":7},"end":{"line":26,"column":29}},{"start":{"line":26,"column":33},"end":{"line":26,"column":57}}],"line":26},"8":{"loc":{"start":{"line":29,"column":4},"end":{"line":31,"column":5}},"type":"if","locations":[{"start":{"line":29,"column":4},"end":{"line":31,"column":5}},{"start":{"line":29,"column":4},"end":{"line":31,"column":5}}],"line":29},"9":{"loc":{"start":{"line":29,"column":7},"end":{"line":29,"column":39}},"type":"binary-expr","locations":[{"start":{"line":29,"column":7},"end":{"line":29,"column":20}},{"start":{"line":29,"column":24},"end":{"line":29,"column":39}}],"line":29},"10":{"loc":{"start":{"line":32,"column":4},"end":{"line":34,"column":5}},"type":"if","locations":[{"start":{"line":32,"column":4},"end":{"line":34,"column":5}},{"start":{"line":32,"column":4},"end":{"line":34,"column":5}}],"line":32},"11":{"loc":{"start":{"line":32,"column":7},"end":{"line":32,"column":47}},"type":"binary-expr","locations":[{"start":{"line":32,"column":7},"end":{"line":32,"column":24}},{"start":{"line":32,"column":28},"end":{"line":32,"column":47}}],"line":32},"12":{"loc":{"start":{"line":35,"column":4},"end":{"line":37,"column":5}},"type":"if","locations":[{"start":{"line":35,"column":4},"end":{"line":37,"column":5}},{"start":{"line":35,"column":4},"end":{"line":37,"column":5}}],"line":35},"13":{"loc":{"start":{"line":35,"column":7},"end":{"line":35,"column":45}},"type":"binary-expr","locations":[{"start":{"line":35,"column":7},"end":{"line":35,"column":23}},{"start":{"line":35,"column":27},"end":{"line":35,"column":45}}],"line":35},"14":{"loc":{"start":{"line":38,"column":4},"end":{"line":40,"column":5}},"type":"if","locations":[{"start":{"line":38,"column":4},"end":{"line":40,"column":5}},{"start":{"line":38,"column":4},"end":{"line":40,"column":5}}],"line":38},"15":{"loc":{"start":{"line":38,"column":7},"end":{"line":38,"column":49}},"type":"binary-expr","locations":[{"start":{"line":38,"column":7},"end":{"line":38,"column":25}},{"start":{"line":38,"column":29},"end":{"line":38,"column":49}}],"line":38},"16":{"loc":{"start":{"line":41,"column":4},"end":{"line":43,"column":5}},"type":"if","locations":[{"start":{"line":41,"column":4},"end":{"line":43,"column":5}},{"start":{"line":41,"column":4},"end":{"line":43,"column":5}}],"line":41},"17":{"loc":{"start":{"line":41,"column":7},"end":{"line":41,"column":57}},"type":"binary-expr","locations":[{"start":{"line":41,"column":7},"end":{"line":41,"column":29}},{"start":{"line":41,"column":33},"end":{"line":41,"column":57}}],"line":41},"18":{"loc":{"start":{"line":44,"column":4},"end":{"line":46,"column":5}},"type":"if","locations":[{"start":{"line":44,"column":4},"end":{"line":46,"column":5}},{"start":{"line":44,"column":4},"end":{"line":46,"column":5}}],"line":44},"19":{"loc":{"start":{"line":44,"column":7},"end":{"line":44,"column":39}},"type":"binary-expr","locations":[{"start":{"line":44,"column":7},"end":{"line":44,"column":20}},{"start":{"line":44,"column":24},"end":{"line":44,"column":39}}],"line":44},"20":{"loc":{"start":{"line":50,"column":4},"end":{"line":52,"column":5}},"type":"if","locations":[{"start":{"line":50,"column":4},"end":{"line":52,"column":5}},{"start":{"line":50,"column":4},"end":{"line":52,"column":5}}],"line":50},"21":{"loc":{"start":{"line":53,"column":4},"end":{"line":55,"column":5}},"type":"if","locations":[{"start":{"line":53,"column":4},"end":{"line":55,"column":5}},{"start":{"line":53,"column":4},"end":{"line":55,"column":5}}],"line":53},"22":{"loc":{"start":{"line":56,"column":4},"end":{"line":58,"column":5}},"type":"if","locations":[{"start":{"line":56,"column":4},"end":{"line":58,"column":5}},{"start":{"line":56,"column":4},"end":{"line":58,"column":5}}],"line":56},"23":{"loc":{"start":{"line":59,"column":4},"end":{"line":61,"column":5}},"type":"if","locations":[{"start":{"line":59,"column":4},"end":{"line":61,"column":5}},{"start":{"line":59,"column":4},"end":{"line":61,"column":5}}],"line":59},"24":{"loc":{"start":{"line":62,"column":4},"end":{"line":64,"column":5}},"type":"if","locations":[{"start":{"line":62,"column":4},"end":{"line":64,"column":5}},{"start":{"line":62,"column":4},"end":{"line":64,"column":5}}],"line":62}},"s":{"0":2,"1":0,"2":0,"3":0,"4":0,"5":0,"6":0,"7":0,"8":0,"9":0,"10":0,"11":0,"12":0,"13":0,"14":0,"15":0,"16":0,"17":0,"18":0,"19":0,"20":0,"21":0,"22":0,"23":0,"24":0,"25":0,"26":0,"27":0,"28":0,"29":0,"30":0,"31":0,"32":0,"33":0,"34":0,"35":0,"36":0,"37":0,"38":0,"39":0,"40":0,"41":0,"42":0,"43":0,"44":0,"45":0,"46":2,"47":0,"48":2,"49":0,"50":2,"51":0,"52":2,"53":0,"54":0,"55":0,"56":2,"57":0,"58":0,"59":0},"f":{"0":0,"1":0,"2":0,"3":0,"4":0,"5":0,"6":0,"7":0,"8":0,"9":0,"10":0,"11":0,"12":0,"13":0},"b":{"0":[0,0],"1":[0,0],"2":[0,0],"3":[0,0],"4":[0,0],"5":[0,0],"6":[0,0],"7":[0,0],"8":[0,0],"9":[0,0],"10":[0,0],"11":[0,0],"12":[0,0],"13":[0,0],"14":[0,0],"15":[0,0],"16":[0,0],"17":[0,0],"18":[0,0],"19":[0,0],"20":[0,0],"21":[0,0],"22":[0,0],"23":[0,0],"24":[0,0]},"_coverageSchema":"332fd63041d2c1bcb487cc26dd0d5f7d97098a6c","hash":"0cbd83b51bdec75cde4abf549dc93351e3417c0b"}
,"/Users/hacktiv8mac/Documents/finalproject/pin-frontend/PlanItNow/src/actions/userAction.js": {"path":"/Users/hacktiv8mac/Documents/finalproject/pin-frontend/PlanItNow/src/actions/userAction.js","statementMap":{"0":{"start":{"line":7,"column":28},"end":{"line":10,"column":2}},"1":{"start":{"line":7,"column":43},"end":{"line":10,"column":1}},"2":{"start":{"line":12,"column":21},"end":{"line":18,"column":1}},"3":{"start":{"line":13,"column":2},"end":{"line":17,"column":3}},"4":{"start":{"line":14,"column":4},"end":{"line":16,"column":5}},"5":{"start":{"line":15,"column":20},"end":{"line":15,"column":52}},"6":{"start":{"line":20,"column":29},"end":{"line":23,"column":2}},"7":{"start":{"line":20,"column":40},"end":{"line":23,"column":1}},"8":{"start":{"line":25,"column":35},"end":{"line":27,"column":2}},"9":{"start":{"line":25,"column":42},"end":{"line":27,"column":1}},"10":{"start":{"line":29,"column":22},"end":{"line":31,"column":2}},"11":{"start":{"line":29,"column":29},"end":{"line":31,"column":1}},"12":{"start":{"line":33,"column":22},"end":{"line":39,"column":1}},"13":{"start":{"line":34,"column":2},"end":{"line":38,"column":3}},"14":{"start":{"line":35,"column":4},"end":{"line":37,"column":5}},"15":{"start":{"line":36,"column":20},"end":{"line":36,"column":53}},"16":{"start":{"line":41,"column":22},"end":{"line":44,"column":2}},"17":{"start":{"line":41,"column":33},"end":{"line":44,"column":1}},"18":{"start":{"line":46,"column":26},"end":{"line":84,"column":1}},"19":{"start":{"line":47,"column":16},"end":{"line":47,"column":20}},"20":{"start":{"line":48,"column":2},"end":{"line":60,"column":3}},"21":{"start":{"line":49,"column":4},"end":{"line":59,"column":5}},"22":{"start":{"line":50,"column":6},"end":{"line":50,"column":37}},"23":{"start":{"line":51,"column":11},"end":{"line":59,"column":5}},"24":{"start":{"line":52,"column":6},"end":{"line":52,"column":46}},"25":{"start":{"line":53,"column":11},"end":{"line":59,"column":5}},"26":{"start":{"line":54,"column":6},"end":{"line":54,"column":41}},"27":{"start":{"line":55,"column":11},"end":{"line":59,"column":5}},"28":{"start":{"line":56,"column":6},"end":{"line":56,"column":42}},"29":{"start":{"line":57,"column":11},"end":{"line":59,"column":5}},"30":{"start":{"line":58,"column":6},"end":{"line":58,"column":40}},"31":{"start":{"line":62,"column":2},"end":{"line":74,"column":3}},"32":{"start":{"line":63,"column":4},"end":{"line":73,"column":5}},"33":{"start":{"line":64,"column":6},"end":{"line":64,"column":37}},"34":{"start":{"line":65,"column":11},"end":{"line":73,"column":5}},"35":{"start":{"line":66,"column":6},"end":{"line":66,"column":46}},"36":{"start":{"line":67,"column":11},"end":{"line":73,"column":5}},"37":{"start":{"line":68,"column":6},"end":{"line":68,"column":41}},"38":{"start":{"line":69,"column":11},"end":{"line":73,"column":5}},"39":{"start":{"line":70,"column":6},"end":{"line":70,"column":42}},"40":{"start":{"line":71,"column":11},"end":{"line":73,"column":5}},"41":{"start":{"line":72,"column":6},"end":{"line":72,"column":40}},"42":{"start":{"line":76,"column":2},"end":{"line":83,"column":3}},"43":{"start":{"line":78,"column":6},"end":{"line":81,"column":57}},"44":{"start":{"line":81,"column":22},"end":{"line":81,"column":55}},"45":{"start":{"line":86,"column":30},"end":{"line":89,"column":2}},"46":{"start":{"line":86,"column":41},"end":{"line":89,"column":1}},"47":{"start":{"line":91,"column":23},"end":{"line":97,"column":1}},"48":{"start":{"line":92,"column":2},"end":{"line":96,"column":3}},"49":{"start":{"line":93,"column":4},"end":{"line":95,"column":5}},"50":{"start":{"line":94,"column":20},"end":{"line":94,"column":54}},"51":{"start":{"line":99,"column":26},"end":{"line":102,"column":2}},"52":{"start":{"line":99,"column":37},"end":{"line":102,"column":1}},"53":{"start":{"line":104,"column":26},"end":{"line":111,"column":1}},"54":{"start":{"line":105,"column":2},"end":{"line":110,"column":3}},"55":{"start":{"line":106,"column":4},"end":{"line":109,"column":59}},"56":{"start":{"line":109,"column":20},"end":{"line":109,"column":57}}},"fnMap":{"0":{"name":"(anonymous_0)","decl":{"start":{"line":7,"column":28},"end":{"line":7,"column":29}},"loc":{"start":{"line":7,"column":43},"end":{"line":10,"column":1}},"line":7},"1":{"name":"(anonymous_1)","decl":{"start":{"line":12,"column":21},"end":{"line":12,"column":22}},"loc":{"start":{"line":13,"column":2},"end":{"line":17,"column":3}},"line":13},"2":{"name":"(anonymous_2)","decl":{"start":{"line":13,"column":2},"end":{"line":13,"column":3}},"loc":{"start":{"line":14,"column":4},"end":{"line":16,"column":5}},"line":14},"3":{"name":"(anonymous_3)","decl":{"start":{"line":15,"column":10},"end":{"line":15,"column":11}},"loc":{"start":{"line":15,"column":20},"end":{"line":15,"column":52}},"line":15},"4":{"name":"(anonymous_4)","decl":{"start":{"line":20,"column":29},"end":{"line":20,"column":30}},"loc":{"start":{"line":20,"column":40},"end":{"line":23,"column":1}},"line":20},"5":{"name":"(anonymous_5)","decl":{"start":{"line":25,"column":35},"end":{"line":25,"column":36}},"loc":{"start":{"line":25,"column":42},"end":{"line":27,"column":1}},"line":25},"6":{"name":"(anonymous_6)","decl":{"start":{"line":29,"column":22},"end":{"line":29,"column":23}},"loc":{"start":{"line":29,"column":29},"end":{"line":31,"column":1}},"line":29},"7":{"name":"(anonymous_7)","decl":{"start":{"line":33,"column":22},"end":{"line":33,"column":23}},"loc":{"start":{"line":34,"column":2},"end":{"line":38,"column":3}},"line":34},"8":{"name":"(anonymous_8)","decl":{"start":{"line":34,"column":2},"end":{"line":34,"column":3}},"loc":{"start":{"line":35,"column":4},"end":{"line":37,"column":5}},"line":35},"9":{"name":"(anonymous_9)","decl":{"start":{"line":36,"column":10},"end":{"line":36,"column":11}},"loc":{"start":{"line":36,"column":20},"end":{"line":36,"column":53}},"line":36},"10":{"name":"(anonymous_10)","decl":{"start":{"line":41,"column":22},"end":{"line":41,"column":23}},"loc":{"start":{"line":41,"column":33},"end":{"line":44,"column":1}},"line":41},"11":{"name":"(anonymous_11)","decl":{"start":{"line":46,"column":26},"end":{"line":46,"column":27}},"loc":{"start":{"line":46,"column":43},"end":{"line":84,"column":1}},"line":46},"12":{"name":"(anonymous_12)","decl":{"start":{"line":77,"column":4},"end":{"line":77,"column":5}},"loc":{"start":{"line":78,"column":6},"end":{"line":81,"column":57}},"line":78},"13":{"name":"(anonymous_13)","decl":{"start":{"line":81,"column":12},"end":{"line":81,"column":13}},"loc":{"start":{"line":81,"column":22},"end":{"line":81,"column":55}},"line":81},"14":{"name":"(anonymous_14)","decl":{"start":{"line":86,"column":30},"end":{"line":86,"column":31}},"loc":{"start":{"line":86,"column":41},"end":{"line":89,"column":1}},"line":86},"15":{"name":"(anonymous_15)","decl":{"start":{"line":91,"column":23},"end":{"line":91,"column":24}},"loc":{"start":{"line":92,"column":2},"end":{"line":96,"column":3}},"line":92},"16":{"name":"(anonymous_16)","decl":{"start":{"line":92,"column":2},"end":{"line":92,"column":3}},"loc":{"start":{"line":93,"column":4},"end":{"line":95,"column":5}},"line":93},"17":{"name":"(anonymous_17)","decl":{"start":{"line":94,"column":10},"end":{"line":94,"column":11}},"loc":{"start":{"line":94,"column":20},"end":{"line":94,"column":54}},"line":94},"18":{"name":"(anonymous_18)","decl":{"start":{"line":99,"column":26},"end":{"line":99,"column":27}},"loc":{"start":{"line":99,"column":37},"end":{"line":102,"column":1}},"line":99},"19":{"name":"(anonymous_19)","decl":{"start":{"line":104,"column":26},"end":{"line":104,"column":27}},"loc":{"start":{"line":105,"column":2},"end":{"line":110,"column":3}},"line":105},"20":{"name":"(anonymous_20)","decl":{"start":{"line":105,"column":2},"end":{"line":105,"column":3}},"loc":{"start":{"line":106,"column":4},"end":{"line":109,"column":59}},"line":106},"21":{"name":"(anonymous_21)","decl":{"start":{"line":109,"column":10},"end":{"line":109,"column":11}},"loc":{"start":{"line":109,"column":20},"end":{"line":109,"column":57}},"line":109}},"branchMap":{"0":{"loc":{"start":{"line":49,"column":4},"end":{"line":59,"column":5}},"type":"if","locations":[{"start":{"line":49,"column":4},"end":{"line":59,"column":5}},{"start":{"line":49,"column":4},"end":{"line":59,"column":5}}],"line":49},"1":{"loc":{"start":{"line":49,"column":8},"end":{"line":49,"column":86}},"type":"binary-expr","locations":[{"start":{"line":49,"column":8},"end":{"line":49,"column":51}},{"start":{"line":49,"column":55},"end":{"line":49,"column":86}}],"line":49},"2":{"loc":{"start":{"line":51,"column":11},"end":{"line":59,"column":5}},"type":"if","locations":[{"start":{"line":51,"column":11},"end":{"line":59,"column":5}},{"start":{"line":51,"column":11},"end":{"line":59,"column":5}}],"line":51},"3":{"loc":{"start":{"line":51,"column":15},"end":{"line":51,"column":111}},"type":"binary-expr","locations":[{"start":{"line":51,"column":15},"end":{"line":51,"column":67}},{"start":{"line":51,"column":71},"end":{"line":51,"column":111}}],"line":51},"4":{"loc":{"start":{"line":53,"column":11},"end":{"line":59,"column":5}},"type":"if","locations":[{"start":{"line":53,"column":11},"end":{"line":59,"column":5}},{"start":{"line":53,"column":11},"end":{"line":59,"column":5}}],"line":53},"5":{"loc":{"start":{"line":53,"column":15},"end":{"line":53,"column":101}},"type":"binary-expr","locations":[{"start":{"line":53,"column":15},"end":{"line":53,"column":62}},{"start":{"line":53,"column":66},"end":{"line":53,"column":101}}],"line":53},"6":{"loc":{"start":{"line":55,"column":11},"end":{"line":59,"column":5}},"type":"if","locations":[{"start":{"line":55,"column":11},"end":{"line":59,"column":5}},{"start":{"line":55,"column":11},"end":{"line":59,"column":5}}],"line":55},"7":{"loc":{"start":{"line":55,"column":15},"end":{"line":55,"column":103}},"type":"binary-expr","locations":[{"start":{"line":55,"column":15},"end":{"line":55,"column":63}},{"start":{"line":55,"column":67},"end":{"line":55,"column":103}}],"line":55},"8":{"loc":{"start":{"line":57,"column":11},"end":{"line":59,"column":5}},"type":"if","locations":[{"start":{"line":57,"column":11},"end":{"line":59,"column":5}},{"start":{"line":57,"column":11},"end":{"line":59,"column":5}}],"line":57},"9":{"loc":{"start":{"line":57,"column":15},"end":{"line":57,"column":99}},"type":"binary-expr","locations":[{"start":{"line":57,"column":15},"end":{"line":57,"column":61}},{"start":{"line":57,"column":65},"end":{"line":57,"column":99}}],"line":57},"10":{"loc":{"start":{"line":63,"column":4},"end":{"line":73,"column":5}},"type":"if","locations":[{"start":{"line":63,"column":4},"end":{"line":73,"column":5}},{"start":{"line":63,"column":4},"end":{"line":73,"column":5}}],"line":63},"11":{"loc":{"start":{"line":63,"column":8},"end":{"line":63,"column":78}},"type":"binary-expr","locations":[{"start":{"line":63,"column":8},"end":{"line":63,"column":45}},{"start":{"line":63,"column":49},"end":{"line":63,"column":78}}],"line":63},"12":{"loc":{"start":{"line":65,"column":11},"end":{"line":73,"column":5}},"type":"if","locations":[{"start":{"line":65,"column":11},"end":{"line":73,"column":5}},{"start":{"line":65,"column":11},"end":{"line":73,"column":5}}],"line":65},"13":{"loc":{"start":{"line":65,"column":15},"end":{"line":65,"column":103}},"type":"binary-expr","locations":[{"start":{"line":65,"column":15},"end":{"line":65,"column":61}},{"start":{"line":65,"column":65},"end":{"line":65,"column":103}}],"line":65},"14":{"loc":{"start":{"line":67,"column":11},"end":{"line":73,"column":5}},"type":"if","locations":[{"start":{"line":67,"column":11},"end":{"line":73,"column":5}},{"start":{"line":67,"column":11},"end":{"line":73,"column":5}}],"line":67},"15":{"loc":{"start":{"line":67,"column":15},"end":{"line":67,"column":93}},"type":"binary-expr","locations":[{"start":{"line":67,"column":15},"end":{"line":67,"column":56}},{"start":{"line":67,"column":60},"end":{"line":67,"column":93}}],"line":67},"16":{"loc":{"start":{"line":69,"column":11},"end":{"line":73,"column":5}},"type":"if","locations":[{"start":{"line":69,"column":11},"end":{"line":73,"column":5}},{"start":{"line":69,"column":11},"end":{"line":73,"column":5}}],"line":69},"17":{"loc":{"start":{"line":69,"column":15},"end":{"line":69,"column":95}},"type":"binary-expr","locations":[{"start":{"line":69,"column":15},"end":{"line":69,"column":57}},{"start":{"line":69,"column":61},"end":{"line":69,"column":95}}],"line":69},"18":{"loc":{"start":{"line":71,"column":11},"end":{"line":73,"column":5}},"type":"if","locations":[{"start":{"line":71,"column":11},"end":{"line":73,"column":5}},{"start":{"line":71,"column":11},"end":{"line":73,"column":5}}],"line":71},"19":{"loc":{"start":{"line":71,"column":15},"end":{"line":71,"column":91}},"type":"binary-expr","locations":[{"start":{"line":71,"column":15},"end":{"line":71,"column":55}},{"start":{"line":71,"column":59},"end":{"line":71,"column":91}}],"line":71}},"s":{"0":3,"1":1,"2":3,"3":0,"4":0,"5":0,"6":3,"7":0,"8":3,"9":0,"10":3,"11":0,"12":3,"13":0,"14":0,"15":0,"16":3,"17":0,"18":3,"19":0,"20":0,"21":0,"22":0,"23":0,"24":0,"25":0,"26":0,"27":0,"28":0,"29":0,"30":0,"31":0,"32":0,"33":0,"34":0,"35":0,"36":0,"37":0,"38":0,"39":0,"40":0,"41":0,"42":0,"43":0,"44":0,"45":3,"46":0,"47":3,"48":0,"49":0,"50":0,"51":3,"52":0,"53":3,"54":0,"55":0,"56":0},"f":{"0":1,"1":0,"2":0,"3":0,"4":0,"5":0,"6":0,"7":0,"8":0,"9":0,"10":0,"11":0,"12":0,"13":0,"14":0,"15":0,"16":0,"17":0,"18":0,"19":0,"20":0,"21":0},"b":{"0":[0,0],"1":[0,0],"2":[0,0],"3":[0,0],"4":[0,0],"5":[0,0],"6":[0,0],"7":[0,0],"8":[0,0],"9":[0,0],"10":[0,0],"11":[0,0],"12":[0,0],"13":[0,0],"14":[0,0],"15":[0,0],"16":[0,0],"17":[0,0],"18":[0,0],"19":[0,0]},"_coverageSchema":"332fd63041d2c1bcb487cc26dd0d5f7d97098a6c","hash":"05a77d29a3dae8ee37d5468b730b931c45bbf075"}
,"/Users/hacktiv8mac/Documents/finalproject/pin-frontend/PlanItNow/src/components/index.js": {"path":"/Users/hacktiv8mac/Documents/finalproject/pin-frontend/PlanItNow/src/components/index.js","statementMap":{"0":{"start":{"line":18,"column":12},"end":{"line":32,"column":2}}},"fnMap":{},"branchMap":{},"s":{"0":2},"f":{},"b":{},"_coverageSchema":"332fd63041d2c1bcb487cc26dd0d5f7d97098a6c","hash":"f6389032d643e509421a503d225919b11fef021e"}
,"/Users/hacktiv8mac/Documents/finalproject/pin-frontend/PlanItNow/src/components/DrawerProfile/index.js": {"path":"/Users/hacktiv8mac/Documents/finalproject/pin-frontend/PlanItNow/src/components/DrawerProfile/index.js","statementMap":{"0":{"start":{"line":14,"column":4},"end":{"line":14,"column":16}},"1":{"start":{"line":19,"column":6},"end":{"line":21,"column":8}},"2":{"start":{"line":20,"column":8},"end":{"line":20,"column":33}},"3":{"start":{"line":22,"column":6},"end":{"line":24,"column":8}},"4":{"start":{"line":23,"column":8},"end":{"line":23,"column":32}},"5":{"start":{"line":25,"column":8},"end":{"line":38,"column":10}},"6":{"start":{"line":28,"column":30},"end":{"line":28,"column":48}},"7":{"start":{"line":35,"column":29},"end":{"line":35,"column":47}}},"fnMap":{"0":{"name":"(anonymous_0)","decl":{"start":{"line":13,"column":2},"end":{"line":13,"column":3}},"loc":{"start":{"line":13,"column":21},"end":{"line":16,"column":3}},"line":13},"1":{"name":"(anonymous_1)","decl":{"start":{"line":18,"column":2},"end":{"line":18,"column":3}},"loc":{"start":{"line":18,"column":11},"end":{"line":39,"column":5}},"line":18},"2":{"name":"(anonymous_2)","decl":{"start":{"line":19,"column":20},"end":{"line":19,"column":21}},"loc":{"start":{"line":19,"column":26},"end":{"line":21,"column":7}},"line":19},"3":{"name":"(anonymous_3)","decl":{"start":{"line":22,"column":19},"end":{"line":22,"column":20}},"loc":{"start":{"line":22,"column":25},"end":{"line":24,"column":7}},"line":22},"4":{"name":"(anonymous_4)","decl":{"start":{"line":28,"column":19},"end":{"line":28,"column":20}},"loc":{"start":{"line":28,"column":28},"end":{"line":28,"column":50}},"line":28},"5":{"name":"(anonymous_5)","decl":{"start":{"line":35,"column":23},"end":{"line":35,"column":24}},"loc":{"start":{"line":35,"column":29},"end":{"line":35,"column":47}},"line":35}},"branchMap":{},"s":{"0":0,"1":0,"2":0,"3":0,"4":0,"5":0,"6":0,"7":0},"f":{"0":0,"1":0,"2":0,"3":0,"4":0,"5":0},"b":{},"_coverageSchema":"332fd63041d2c1bcb487cc26dd0d5f7d97098a6c","hash":"fab9ea1430f5c00a4fbf22aab5f501cab530f566"}
,"/Users/hacktiv8mac/Documents/finalproject/pin-frontend/PlanItNow/src/components/EditPassword/index.js": {"path":"/Users/hacktiv8mac/Documents/finalproject/pin-frontend/PlanItNow/src/components/EditPassword/index.js","statementMap":{"0":{"start":{"line":15,"column":15},"end":{"line":22,"column":1}},"1":{"start":{"line":26,"column":4},"end":{"line":26,"column":16}},"2":{"start":{"line":31,"column":4},"end":{"line":68,"column":5}},"3":{"start":{"line":57,"column":40},"end":{"line":57,"column":67}}},"fnMap":{"0":{"name":"(anonymous_0)","decl":{"start":{"line":25,"column":2},"end":{"line":25,"column":3}},"loc":{"start":{"line":25,"column":21},"end":{"line":28,"column":3}},"line":25},"1":{"name":"(anonymous_1)","decl":{"start":{"line":30,"column":2},"end":{"line":30,"column":3}},"loc":{"start":{"line":30,"column":12},"end":{"line":70,"column":3}},"line":30},"2":{"name":"(anonymous_2)","decl":{"start":{"line":57,"column":30},"end":{"line":57,"column":31}},"loc":{"start":{"line":57,"column":40},"end":{"line":57,"column":67}},"line":57}},"branchMap":{},"s":{"0":2,"1":0,"2":0,"3":0},"f":{"0":0,"1":0,"2":0},"b":{},"_coverageSchema":"332fd63041d2c1bcb487cc26dd0d5f7d97098a6c","hash":"cd29ec01453fc60e21753a22b063fbb41e9d3b74"}
,"/Users/hacktiv8mac/Documents/finalproject/pin-frontend/PlanItNow/src/components/GeoDirection/index.js": {"path":"/Users/hacktiv8mac/Documents/finalproject/pin-frontend/PlanItNow/src/components/GeoDirection/index.js","statementMap":{"0":{"start":{"line":18,"column":4},"end":{"line":18,"column":17}},"1":{"start":{"line":19,"column":4},"end":{"line":25,"column":6}},"2":{"start":{"line":40,"column":4},"end":{"line":48,"column":7}},"3":{"start":{"line":43,"column":6},"end":{"line":47,"column":13}},"4":{"start":{"line":52,"column":4},"end":{"line":52,"column":51}},"5":{"start":{"line":56,"column":30},"end":{"line":56,"column":40}},"6":{"start":{"line":57,"column":17},"end":{"line":72,"column":5}},"7":{"start":{"line":74,"column":4},"end":{"line":74,"column":23}},"8":{"start":{"line":78,"column":4},"end":{"line":84,"column":6}},"9":{"start":{"line":80,"column":43},"end":{"line":80,"column":69}}},"fnMap":{"0":{"name":"(anonymous_0)","decl":{"start":{"line":17,"column":2},"end":{"line":17,"column":3}},"loc":{"start":{"line":17,"column":20},"end":{"line":26,"column":3}},"line":17},"1":{"name":"(anonymous_1)","decl":{"start":{"line":31,"column":2},"end":{"line":31,"column":3}},"loc":{"start":{"line":31,"column":22},"end":{"line":49,"column":3}},"line":31},"2":{"name":"(anonymous_2)","decl":{"start":{"line":40,"column":55},"end":{"line":40,"column":56}},"loc":{"start":{"line":40,"column":69},"end":{"line":48,"column":5}},"line":40},"3":{"name":"(anonymous_3)","decl":{"start":{"line":51,"column":2},"end":{"line":51,"column":3}},"loc":{"start":{"line":51,"column":25},"end":{"line":53,"column":3}},"line":51},"4":{"name":"(anonymous_4)","decl":{"start":{"line":55,"column":24},"end":{"line":55,"column":25}},"loc":{"start":{"line":55,"column":30},"end":{"line":75,"column":3}},"line":55},"5":{"name":"(anonymous_5)","decl":{"start":{"line":77,"column":2},"end":{"line":77,"column":3}},"loc":{"start":{"line":77,"column":11},"end":{"line":85,"column":3}},"line":77},"6":{"name":"(anonymous_6)","decl":{"start":{"line":80,"column":37},"end":{"line":80,"column":38}},"loc":{"start":{"line":80,"column":43},"end":{"line":80,"column":69}},"line":80}},"branchMap":{},"s":{"0":0,"1":0,"2":0,"3":0,"4":0,"5":0,"6":0,"7":0,"8":0,"9":0},"f":{"0":0,"1":0,"2":0,"3":0,"4":0,"5":0,"6":0},"b":{},"_coverageSchema":"332fd63041d2c1bcb487cc26dd0d5f7d97098a6c","hash":"bc31ae3216240b84aa84e42f3b3fb54464c54c38"}
,"/Users/hacktiv8mac/Documents/finalproject/pin-frontend/PlanItNow/src/components/ItineraryStepOne/index.js": {"path":"/Users/hacktiv8mac/Documents/finalproject/pin-frontend/PlanItNow/src/components/ItineraryStepOne/index.js","statementMap":{"0":{"start":{"line":13,"column":13},"end":{"line":13,"column":24}},"1":{"start":{"line":15,"column":15},"end":{"line":15,"column":66}},"2":{"start":{"line":16,"column":21},"end":{"line":38,"column":1}},"3":{"start":{"line":42,"column":4},"end":{"line":42,"column":16}},"4":{"start":{"line":43,"column":4},"end":{"line":50,"column":5}},"5":{"start":{"line":54,"column":24},"end":{"line":54,"column":74}},"6":{"start":{"line":55,"column":4},"end":{"line":57,"column":5}},"7":{"start":{"line":56,"column":6},"end":{"line":56,"column":27}},"8":{"start":{"line":58,"column":4},"end":{"line":60,"column":6}},"9":{"start":{"line":64,"column":17},"end":{"line":64,"column":39}},"10":{"start":{"line":65,"column":4},"end":{"line":65,"column":26}},"11":{"start":{"line":66,"column":4},"end":{"line":68,"column":6}},"12":{"start":{"line":72,"column":23},"end":{"line":76,"column":3}},"13":{"start":{"line":72,"column":98},"end":{"line":75,"column":5}},"14":{"start":{"line":77,"column":4},"end":{"line":77,"column":42}},"15":{"start":{"line":78,"column":25},"end":{"line":78,"column":46}},"16":{"start":{"line":79,"column":4},"end":{"line":79,"column":22}},"17":{"start":{"line":83,"column":16},"end":{"line":83,"column":49}},"18":{"start":{"line":84,"column":4},"end":{"line":86,"column":5}},"19":{"start":{"line":85,"column":6},"end":{"line":85,"column":27}},"20":{"start":{"line":87,"column":4},"end":{"line":149,"column":5}},"21":{"start":{"line":103,"column":20},"end":{"line":134,"column":27}},"22":{"start":{"line":126,"column":50},"end":{"line":126,"column":79}},"23":{"start":{"line":129,"column":30},"end":{"line":129,"column":78}},"24":{"start":{"line":144,"column":31},"end":{"line":144,"column":48}},"25":{"start":{"line":153,"column":24},"end":{"line":155,"column":2}},"26":{"start":{"line":153,"column":34},"end":{"line":155,"column":1}},"27":{"start":{"line":157,"column":27},"end":{"line":159,"column":2}},"28":{"start":{"line":157,"column":40},"end":{"line":159,"column":1}},"29":{"start":{"line":158,"column":34},"end":{"line":158,"column":70}}},"fnMap":{"0":{"name":"(anonymous_0)","decl":{"start":{"line":41,"column":2},"end":{"line":41,"column":3}},"loc":{"start":{"line":41,"column":21},"end":{"line":51,"column":3}},"line":41},"1":{"name":"(anonymous_1)","decl":{"start":{"line":53,"column":2},"end":{"line":53,"column":3}},"loc":{"start":{"line":53,"column":21},"end":{"line":61,"column":3}},"line":53},"2":{"name":"(anonymous_2)","decl":{"start":{"line":63,"column":2},"end":{"line":63,"column":3}},"loc":{"start":{"line":63,"column":39},"end":{"line":69,"column":3}},"line":63},"3":{"name":"(anonymous_3)","decl":{"start":{"line":71,"column":2},"end":{"line":71,"column":3}},"loc":{"start":{"line":71,"column":14},"end":{"line":80,"column":3}},"line":71},"4":{"name":"(anonymous_4)","decl":{"start":{"line":72,"column":77},"end":{"line":72,"column":78}},"loc":{"start":{"line":72,"column":98},"end":{"line":75,"column":5}},"line":72},"5":{"name":"(anonymous_5)","decl":{"start":{"line":82,"column":2},"end":{"line":82,"column":3}},"loc":{"start":{"line":82,"column":12},"end":{"line":150,"column":3}},"line":82},"6":{"name":"(anonymous_6)","decl":{"start":{"line":102,"column":56},"end":{"line":102,"column":57}},"loc":{"start":{"line":103,"column":20},"end":{"line":134,"column":27}},"line":103},"7":{"name":"(anonymous_7)","decl":{"start":{"line":126,"column":41},"end":{"line":126,"column":42}},"loc":{"start":{"line":126,"column":50},"end":{"line":126,"column":79}},"line":126},"8":{"name":"(anonymous_8)","decl":{"start":{"line":128,"column":36},"end":{"line":128,"column":37}},"loc":{"start":{"line":129,"column":30},"end":{"line":129,"column":78}},"line":129},"9":{"name":"(anonymous_9)","decl":{"start":{"line":144,"column":27},"end":{"line":144,"column":28}},"loc":{"start":{"line":144,"column":31},"end":{"line":144,"column":48}},"line":144},"10":{"name":"(anonymous_10)","decl":{"start":{"line":153,"column":24},"end":{"line":153,"column":25}},"loc":{"start":{"line":153,"column":34},"end":{"line":155,"column":1}},"line":153},"11":{"name":"(anonymous_11)","decl":{"start":{"line":157,"column":27},"end":{"line":157,"column":28}},"loc":{"start":{"line":157,"column":40},"end":{"line":159,"column":1}},"line":157},"12":{"name":"(anonymous_12)","decl":{"start":{"line":158,"column":16},"end":{"line":158,"column":17}},"loc":{"start":{"line":158,"column":34},"end":{"line":158,"column":70}},"line":158}},"branchMap":{},"s":{"0":3,"1":3,"2":3,"3":0,"4":0,"5":0,"6":0,"7":0,"8":0,"9":0,"10":0,"11":0,"12":0,"13":0,"14":0,"15":0,"16":0,"17":0,"18":0,"19":0,"20":0,"21":0,"22":0,"23":0,"24":0,"25":3,"26":0,"27":3,"28":0,"29":0},"f":{"0":0,"1":0,"2":0,"3":0,"4":0,"5":0,"6":0,"7":0,"8":0,"9":0,"10":0,"11":0,"12":0},"b":{},"_coverageSchema":"332fd63041d2c1bcb487cc26dd0d5f7d97098a6c","hash":"5b24d0ab04424cd6abbac988c8cd5cf39fd2f130"}
,"/Users/hacktiv8mac/Documents/finalproject/pin-frontend/PlanItNow/src/components/ItineraryStepThree/index.js": {"path":"/Users/hacktiv8mac/Documents/finalproject/pin-frontend/PlanItNow/src/components/ItineraryStepThree/index.js","statementMap":{"0":{"start":{"line":14,"column":15},"end":{"line":14,"column":66}},"1":{"start":{"line":15,"column":21},"end":{"line":37,"column":1}},"2":{"start":{"line":41,"column":4},"end":{"line":41,"column":16}},"3":{"start":{"line":42,"column":6},"end":{"line":47,"column":7}},"4":{"start":{"line":48,"column":6},"end":{"line":48,"column":61}},"5":{"start":{"line":52,"column":14},"end":{"line":52,"column":41}},"6":{"start":{"line":53,"column":4},"end":{"line":53,"column":25}},"7":{"start":{"line":54,"column":4},"end":{"line":58,"column":6}},"8":{"start":{"line":57,"column":6},"end":{"line":57,"column":47}},"9":{"start":{"line":62,"column":36},"end":{"line":62,"column":53}},"10":{"start":{"line":63,"column":26},"end":{"line":63,"column":28}},"11":{"start":{"line":64,"column":4},"end":{"line":66,"column":5}},"12":{"start":{"line":65,"column":6},"end":{"line":65,"column":72}},"13":{"start":{"line":65,"column":56},"end":{"line":65,"column":70}},"14":{"start":{"line":68,"column":4},"end":{"line":72,"column":6}},"15":{"start":{"line":71,"column":6},"end":{"line":71,"column":71}},"16":{"start":{"line":76,"column":4},"end":{"line":76,"column":29}},"17":{"start":{"line":80,"column":67},"end":{"line":80,"column":77}},"18":{"start":{"line":81,"column":33},"end":{"line":81,"column":43}},"19":{"start":{"line":82,"column":25},"end":{"line":85,"column":5}},"20":{"start":{"line":86,"column":4},"end":{"line":96,"column":5}},"21":{"start":{"line":87,"column":6},"end":{"line":95,"column":7}},"22":{"start":{"line":88,"column":26},"end":{"line":93,"column":9}},"23":{"start":{"line":94,"column":8},"end":{"line":94,"column":48}},"24":{"start":{"line":98,"column":4},"end":{"line":98,"column":48}},"25":{"start":{"line":99,"column":4},"end":{"line":99,"column":28}},"26":{"start":{"line":101,"column":4},"end":{"line":101,"column":55}},"27":{"start":{"line":106,"column":4},"end":{"line":142,"column":5}},"28":{"start":{"line":122,"column":16},"end":{"line":127,"column":23}},"29":{"start":{"line":137,"column":27},"end":{"line":137,"column":46}},"30":{"start":{"line":147,"column":24},"end":{"line":150,"column":2}},"31":{"start":{"line":147,"column":34},"end":{"line":150,"column":1}},"32":{"start":{"line":152,"column":27},"end":{"line":155,"column":2}},"33":{"start":{"line":152,"column":40},"end":{"line":155,"column":1}},"34":{"start":{"line":153,"column":31},"end":{"line":153,"column":64}},"35":{"start":{"line":154,"column":41},"end":{"line":154,"column":84}}},"fnMap":{"0":{"name":"(anonymous_0)","decl":{"start":{"line":40,"column":2},"end":{"line":40,"column":3}},"loc":{"start":{"line":40,"column":21},"end":{"line":49,"column":3}},"line":40},"1":{"name":"(anonymous_1)","decl":{"start":{"line":51,"column":2},"end":{"line":51,"column":3}},"loc":{"start":{"line":51,"column":33},"end":{"line":59,"column":3}},"line":51},"2":{"name":"(anonymous_2)","decl":{"start":{"line":56,"column":7},"end":{"line":56,"column":8}},"loc":{"start":{"line":56,"column":13},"end":{"line":58,"column":5}},"line":56},"3":{"name":"(anonymous_3)","decl":{"start":{"line":61,"column":2},"end":{"line":61,"column":3}},"loc":{"start":{"line":61,"column":22},"end":{"line":73,"column":3}},"line":61},"4":{"name":"(anonymous_4)","decl":{"start":{"line":65,"column":47},"end":{"line":65,"column":48}},"loc":{"start":{"line":65,"column":56},"end":{"line":65,"column":70}},"line":65},"5":{"name":"(anonymous_5)","decl":{"start":{"line":70,"column":7},"end":{"line":70,"column":8}},"loc":{"start":{"line":70,"column":13},"end":{"line":72,"column":5}},"line":70},"6":{"name":"(anonymous_6)","decl":{"start":{"line":75,"column":2},"end":{"line":75,"column":3}},"loc":{"start":{"line":75,"column":22},"end":{"line":77,"column":3}},"line":75},"7":{"name":"(anonymous_7)","decl":{"start":{"line":79,"column":2},"end":{"line":79,"column":3}},"loc":{"start":{"line":79,"column":17},"end":{"line":102,"column":3}},"line":79},"8":{"name":"(anonymous_8)","decl":{"start":{"line":104,"column":2},"end":{"line":104,"column":3}},"loc":{"start":{"line":104,"column":12},"end":{"line":143,"column":3}},"line":104},"9":{"name":"(anonymous_9)","decl":{"start":{"line":121,"column":46},"end":{"line":121,"column":47}},"loc":{"start":{"line":122,"column":16},"end":{"line":127,"column":23}},"line":122},"10":{"name":"(anonymous_10)","decl":{"start":{"line":137,"column":23},"end":{"line":137,"column":24}},"loc":{"start":{"line":137,"column":27},"end":{"line":137,"column":46}},"line":137},"11":{"name":"(anonymous_11)","decl":{"start":{"line":147,"column":24},"end":{"line":147,"column":25}},"loc":{"start":{"line":147,"column":34},"end":{"line":150,"column":1}},"line":147},"12":{"name":"(anonymous_12)","decl":{"start":{"line":152,"column":27},"end":{"line":152,"column":28}},"loc":{"start":{"line":152,"column":40},"end":{"line":155,"column":1}},"line":152},"13":{"name":"(anonymous_13)","decl":{"start":{"line":153,"column":14},"end":{"line":153,"column":15}},"loc":{"start":{"line":153,"column":31},"end":{"line":153,"column":64}},"line":153},"14":{"name":"(anonymous_14)","decl":{"start":{"line":154,"column":17},"end":{"line":154,"column":18}},"loc":{"start":{"line":154,"column":41},"end":{"line":154,"column":84}},"line":154}},"branchMap":{},"s":{"0":3,"1":3,"2":0,"3":0,"4":0,"5":0,"6":0,"7":0,"8":0,"9":0,"10":0,"11":0,"12":0,"13":0,"14":0,"15":0,"16":0,"17":0,"18":0,"19":0,"20":0,"21":0,"22":0,"23":0,"24":0,"25":0,"26":0,"27":0,"28":0,"29":0,"30":3,"31":0,"32":3,"33":0,"34":0,"35":0},"f":{"0":0,"1":0,"2":0,"3":0,"4":0,"5":0,"6":0,"7":0,"8":0,"9":0,"10":0,"11":0,"12":0,"13":0,"14":0},"b":{},"_coverageSchema":"332fd63041d2c1bcb487cc26dd0d5f7d97098a6c","hash":"e8899837c230538bbe3201dc12d6355039803d5d"}
,"/Users/hacktiv8mac/Documents/finalproject/pin-frontend/PlanItNow/src/components/ItineraryStepThree/scheduleDetail.js": {"path":"/Users/hacktiv8mac/Documents/finalproject/pin-frontend/PlanItNow/src/components/ItineraryStepThree/scheduleDetail.js","statementMap":{"0":{"start":{"line":21,"column":4},"end":{"line":21,"column":17}},"1":{"start":{"line":22,"column":4},"end":{"line":25,"column":5}},"2":{"start":{"line":29,"column":26},"end":{"line":29,"column":56}},"3":{"start":{"line":30,"column":4},"end":{"line":30,"column":31}},"4":{"start":{"line":31,"column":4},"end":{"line":31,"column":57}},"5":{"start":{"line":36,"column":26},"end":{"line":36,"column":56}},"6":{"start":{"line":37,"column":4},"end":{"line":37,"column":32}},"7":{"start":{"line":38,"column":4},"end":{"line":38,"column":58}},"8":{"start":{"line":42,"column":17},"end":{"line":42,"column":32}},"9":{"start":{"line":43,"column":4},"end":{"line":43,"column":31}},"10":{"start":{"line":44,"column":18},"end":{"line":44,"column":33}},"11":{"start":{"line":45,"column":4},"end":{"line":45,"column":22}},"12":{"start":{"line":47,"column":20},"end":{"line":47,"column":37}},"13":{"start":{"line":48,"column":4},"end":{"line":48,"column":33}},"14":{"start":{"line":49,"column":4},"end":{"line":52,"column":6}},"15":{"start":{"line":50,"column":6},"end":{"line":50,"column":63}},"16":{"start":{"line":51,"column":6},"end":{"line":51,"column":30}},"17":{"start":{"line":57,"column":23},"end":{"line":57,"column":25}},"18":{"start":{"line":58,"column":23},"end":{"line":58,"column":25}},"19":{"start":{"line":59,"column":4},"end":{"line":62,"column":5}},"20":{"start":{"line":60,"column":6},"end":{"line":60,"column":30}},"21":{"start":{"line":61,"column":6},"end":{"line":61,"column":29}},"22":{"start":{"line":63,"column":4},"end":{"line":66,"column":6}},"23":{"start":{"line":70,"column":4},"end":{"line":70,"column":43}},"24":{"start":{"line":74,"column":4},"end":{"line":127,"column":5}},"25":{"start":{"line":84,"column":14},"end":{"line":122,"column":21}},"26":{"start":{"line":96,"column":111},"end":{"line":96,"column":134}},"27":{"start":{"line":102,"column":96},"end":{"line":102,"column":119}},"28":{"start":{"line":108,"column":41},"end":{"line":108,"column":71}},"29":{"start":{"line":109,"column":36},"end":{"line":109,"column":59}}},"fnMap":{"0":{"name":"(anonymous_0)","decl":{"start":{"line":20,"column":2},"end":{"line":20,"column":3}},"loc":{"start":{"line":20,"column":21},"end":{"line":26,"column":3}},"line":20},"1":{"name":"(anonymous_1)","decl":{"start":{"line":28,"column":20},"end":{"line":28,"column":21}},"loc":{"start":{"line":28,"column":31},"end":{"line":33,"column":3}},"line":28},"2":{"name":"(anonymous_2)","decl":{"start":{"line":35,"column":20},"end":{"line":35,"column":21}},"loc":{"start":{"line":35,"column":31},"end":{"line":39,"column":3}},"line":35},"3":{"name":"(anonymous_3)","decl":{"start":{"line":41,"column":22},"end":{"line":41,"column":23}},"loc":{"start":{"line":41,"column":34},"end":{"line":53,"column":3}},"line":41},"4":{"name":"(anonymous_4)","decl":{"start":{"line":49,"column":34},"end":{"line":49,"column":35}},"loc":{"start":{"line":49,"column":40},"end":{"line":52,"column":5}},"line":49},"5":{"name":"(anonymous_5)","decl":{"start":{"line":56,"column":2},"end":{"line":56,"column":3}},"loc":{"start":{"line":56,"column":23},"end":{"line":67,"column":3}},"line":56},"6":{"name":"(anonymous_6)","decl":{"start":{"line":69,"column":2},"end":{"line":69,"column":3}},"loc":{"start":{"line":69,"column":22},"end":{"line":71,"column":3}},"line":69},"7":{"name":"(anonymous_7)","decl":{"start":{"line":73,"column":2},"end":{"line":73,"column":3}},"loc":{"start":{"line":73,"column":11},"end":{"line":128,"column":3}},"line":73},"8":{"name":"(anonymous_8)","decl":{"start":{"line":83,"column":34},"end":{"line":83,"column":35}},"loc":{"start":{"line":84,"column":14},"end":{"line":122,"column":21}},"line":84},"9":{"name":"(anonymous_9)","decl":{"start":{"line":96,"column":105},"end":{"line":96,"column":106}},"loc":{"start":{"line":96,"column":111},"end":{"line":96,"column":134}},"line":96},"10":{"name":"(anonymous_10)","decl":{"start":{"line":102,"column":90},"end":{"line":102,"column":91}},"loc":{"start":{"line":102,"column":96},"end":{"line":102,"column":119}},"line":102},"11":{"name":"(anonymous_11)","decl":{"start":{"line":108,"column":31},"end":{"line":108,"column":32}},"loc":{"start":{"line":108,"column":41},"end":{"line":108,"column":71}},"line":108},"12":{"name":"(anonymous_12)","decl":{"start":{"line":109,"column":30},"end":{"line":109,"column":31}},"loc":{"start":{"line":109,"column":36},"end":{"line":109,"column":59}},"line":109}},"branchMap":{"0":{"loc":{"start":{"line":94,"column":18},"end":{"line":103,"column":25}},"type":"cond-expr","locations":[{"start":{"line":95,"column":18},"end":{"line":99,"column":37}},{"start":{"line":101,"column":18},"end":{"line":103,"column":25}}],"line":94}},"s":{"0":0,"1":0,"2":0,"3":0,"4":0,"5":0,"6":0,"7":0,"8":0,"9":0,"10":0,"11":0,"12":0,"13":0,"14":0,"15":0,"16":0,"17":0,"18":0,"19":0,"20":0,"21":0,"22":0,"23":0,"24":0,"25":0,"26":0,"27":0,"28":0,"29":0},"f":{"0":0,"1":0,"2":0,"3":0,"4":0,"5":0,"6":0,"7":0,"8":0,"9":0,"10":0,"11":0,"12":0},"b":{"0":[0,0]},"_coverageSchema":"332fd63041d2c1bcb487cc26dd0d5f7d97098a6c","hash":"f439fd97f9d07126b1a168385ba57014df442298"}
,"/Users/hacktiv8mac/Documents/finalproject/pin-frontend/PlanItNow/src/components/Login/index.js": {"path":"/Users/hacktiv8mac/Documents/finalproject/pin-frontend/PlanItNow/src/components/Login/index.js","statementMap":{"0":{"start":{"line":8,"column":14},"end":{"line":8,"column":43}},"1":{"start":{"line":14,"column":4},"end":{"line":14,"column":9}},"2":{"start":{"line":18,"column":4},"end":{"line":18,"column":16}},"3":{"start":{"line":19,"column":4},"end":{"line":25,"column":5}},"4":{"start":{"line":37,"column":4},"end":{"line":47,"column":7}},"5":{"start":{"line":38,"column":6},"end":{"line":46,"column":7}},"6":{"start":{"line":39,"column":8},"end":{"line":39,"column":25}},"7":{"start":{"line":40,"column":13},"end":{"line":46,"column":7}},"8":{"start":{"line":41,"column":8},"end":{"line":45,"column":10}},"9":{"start":{"line":44,"column":10},"end":{"line":44,"column":40}},"10":{"start":{"line":56,"column":25},"end":{"line":56,"column":46}},"11":{"start":{"line":57,"column":4},"end":{"line":57,"column":43}},"12":{"start":{"line":58,"column":4},"end":{"line":58,"column":37}},"13":{"start":{"line":62,"column":4},"end":{"line":66,"column":5}},"14":{"start":{"line":63,"column":6},"end":{"line":65,"column":8}},"15":{"start":{"line":64,"column":8},"end":{"line":64,"column":27}},"16":{"start":{"line":70,"column":4},"end":{"line":76,"column":5}},"17":{"start":{"line":71,"column":6},"end":{"line":71,"column":57}},"18":{"start":{"line":73,"column":6},"end":{"line":74,"column":42}},"19":{"start":{"line":75,"column":6},"end":{"line":75,"column":78}},"20":{"start":{"line":80,"column":25},"end":{"line":80,"column":46}},"21":{"start":{"line":81,"column":4},"end":{"line":81,"column":24}},"22":{"start":{"line":85,"column":15},"end":{"line":85,"column":19}},"23":{"start":{"line":86,"column":4},"end":{"line":125,"column":9}},"24":{"start":{"line":88,"column":8},"end":{"line":120,"column":19}},"25":{"start":{"line":89,"column":10},"end":{"line":89,"column":35}},"26":{"start":{"line":93,"column":10},"end":{"line":119,"column":24}},"27":{"start":{"line":95,"column":23},"end":{"line":95,"column":92}},"28":{"start":{"line":96,"column":23},"end":{"line":116,"column":27}},"29":{"start":{"line":97,"column":45},"end":{"line":97,"column":60}},"30":{"start":{"line":99,"column":27},"end":{"line":99,"column":73}},"31":{"start":{"line":100,"column":27},"end":{"line":100,"column":59}},"32":{"start":{"line":101,"column":27},"end":{"line":101,"column":61}},"33":{"start":{"line":102,"column":27},"end":{"line":102,"column":97}},"34":{"start":{"line":103,"column":38},"end":{"line":103,"column":40}},"35":{"start":{"line":105,"column":27},"end":{"line":105,"column":48}},"36":{"start":{"line":106,"column":27},"end":{"line":106,"column":44}},"37":{"start":{"line":107,"column":27},"end":{"line":107,"column":59}},"38":{"start":{"line":108,"column":27},"end":{"line":108,"column":50}},"39":{"start":{"line":109,"column":27},"end":{"line":109,"column":52}},"40":{"start":{"line":110,"column":27},"end":{"line":110,"column":47}},"41":{"start":{"line":111,"column":27},"end":{"line":111,"column":47}},"42":{"start":{"line":115,"column":27},"end":{"line":115,"column":46}},"43":{"start":{"line":118,"column":23},"end":{"line":118,"column":56}},"44":{"start":{"line":123,"column":10},"end":{"line":123,"column":51}},"45":{"start":{"line":129,"column":4},"end":{"line":224,"column":5}},"46":{"start":{"line":157,"column":42},"end":{"line":157,"column":69}},"47":{"start":{"line":167,"column":42},"end":{"line":167,"column":72}},"48":{"start":{"line":171,"column":35},"end":{"line":171,"column":54}},"49":{"start":{"line":184,"column":35},"end":{"line":184,"column":57}},"50":{"start":{"line":215,"column":23},"end":{"line":215,"column":48}},"51":{"start":{"line":229,"column":15},"end":{"line":245,"column":2}},"52":{"start":{"line":247,"column":24},"end":{"line":249,"column":2}},"53":{"start":{"line":247,"column":36},"end":{"line":249,"column":1}},"54":{"start":{"line":251,"column":27},"end":{"line":256,"column":2}},"55":{"start":{"line":251,"column":40},"end":{"line":256,"column":1}},"56":{"start":{"line":252,"column":19},"end":{"line":252,"column":40}},"57":{"start":{"line":253,"column":21},"end":{"line":253,"column":44}},"58":{"start":{"line":254,"column":29},"end":{"line":254,"column":60}},"59":{"start":{"line":255,"column":26},"end":{"line":255,"column":54}}},"fnMap":{"0":{"name":"(anonymous_0)","decl":{"start":{"line":17,"column":2},"end":{"line":17,"column":3}},"loc":{"start":{"line":17,"column":21},"end":{"line":26,"column":3}},"line":17},"1":{"name":"(anonymous_1)","decl":{"start":{"line":36,"column":2},"end":{"line":36,"column":3}},"loc":{"start":{"line":36,"column":22},"end":{"line":53,"column":3}},"line":36},"2":{"name":"(anonymous_2)","decl":{"start":{"line":37,"column":34},"end":{"line":37,"column":35}},"loc":{"start":{"line":37,"column":50},"end":{"line":47,"column":5}},"line":37},"3":{"name":"(anonymous_3)","decl":{"start":{"line":43,"column":11},"end":{"line":43,"column":12}},"loc":{"start":{"line":43,"column":17},"end":{"line":45,"column":9}},"line":43},"4":{"name":"(anonymous_4)","decl":{"start":{"line":55,"column":2},"end":{"line":55,"column":3}},"loc":{"start":{"line":55,"column":17},"end":{"line":59,"column":3}},"line":55},"5":{"name":"(anonymous_5)","decl":{"start":{"line":61,"column":2},"end":{"line":61,"column":3}},"loc":{"start":{"line":61,"column":43},"end":{"line":67,"column":3}},"line":61},"6":{"name":"(anonymous_6)","decl":{"start":{"line":63,"column":45},"end":{"line":63,"column":46}},"loc":{"start":{"line":63,"column":50},"end":{"line":65,"column":7}},"line":63},"7":{"name":"(anonymous_7)","decl":{"start":{"line":69,"column":2},"end":{"line":69,"column":3}},"loc":{"start":{"line":69,"column":17},"end":{"line":77,"column":3}},"line":69},"8":{"name":"(anonymous_8)","decl":{"start":{"line":79,"column":2},"end":{"line":79,"column":3}},"loc":{"start":{"line":79,"column":23},"end":{"line":82,"column":3}},"line":79},"9":{"name":"(anonymous_9)","decl":{"start":{"line":84,"column":2},"end":{"line":84,"column":3}},"loc":{"start":{"line":84,"column":20},"end":{"line":126,"column":3}},"line":84},"10":{"name":"(anonymous_10)","decl":{"start":{"line":87,"column":6},"end":{"line":87,"column":7}},"loc":{"start":{"line":87,"column":23},"end":{"line":121,"column":7}},"line":87},"11":{"name":"(anonymous_11)","decl":{"start":{"line":94,"column":27},"end":{"line":94,"column":28}},"loc":{"start":{"line":94,"column":48},"end":{"line":117,"column":22}},"line":94},"12":{"name":"(anonymous_12)","decl":{"start":{"line":97,"column":31},"end":{"line":97,"column":32}},"loc":{"start":{"line":97,"column":45},"end":{"line":97,"column":60}},"line":97},"13":{"name":"(anonymous_13)","decl":{"start":{"line":98,"column":31},"end":{"line":98,"column":32}},"loc":{"start":{"line":98,"column":41},"end":{"line":113,"column":26}},"line":98},"14":{"name":"(anonymous_14)","decl":{"start":{"line":114,"column":32},"end":{"line":114,"column":33}},"loc":{"start":{"line":114,"column":43},"end":{"line":116,"column":26}},"line":114},"15":{"name":"(anonymous_15)","decl":{"start":{"line":117,"column":25},"end":{"line":117,"column":26}},"loc":{"start":{"line":117,"column":34},"end":{"line":119,"column":22}},"line":117},"16":{"name":"(anonymous_16)","decl":{"start":{"line":122,"column":8},"end":{"line":122,"column":9}},"loc":{"start":{"line":122,"column":24},"end":{"line":124,"column":9}},"line":122},"17":{"name":"(anonymous_17)","decl":{"start":{"line":128,"column":2},"end":{"line":128,"column":3}},"loc":{"start":{"line":128,"column":12},"end":{"line":225,"column":3}},"line":128},"18":{"name":"(anonymous_18)","decl":{"start":{"line":157,"column":32},"end":{"line":157,"column":33}},"loc":{"start":{"line":157,"column":42},"end":{"line":157,"column":69}},"line":157},"19":{"name":"(anonymous_19)","decl":{"start":{"line":167,"column":32},"end":{"line":167,"column":33}},"loc":{"start":{"line":167,"column":42},"end":{"line":167,"column":72}},"line":167},"20":{"name":"(anonymous_20)","decl":{"start":{"line":171,"column":29},"end":{"line":171,"column":30}},"loc":{"start":{"line":171,"column":35},"end":{"line":171,"column":54}},"line":171},"21":{"name":"(anonymous_21)","decl":{"start":{"line":184,"column":29},"end":{"line":184,"column":30}},"loc":{"start":{"line":184,"column":35},"end":{"line":184,"column":57}},"line":184},"22":{"name":"(anonymous_22)","decl":{"start":{"line":215,"column":19},"end":{"line":215,"column":20}},"loc":{"start":{"line":215,"column":23},"end":{"line":215,"column":48}},"line":215},"23":{"name":"(anonymous_23)","decl":{"start":{"line":247,"column":24},"end":{"line":247,"column":25}},"loc":{"start":{"line":247,"column":36},"end":{"line":249,"column":1}},"line":247},"24":{"name":"(anonymous_24)","decl":{"start":{"line":251,"column":27},"end":{"line":251,"column":28}},"loc":{"start":{"line":251,"column":40},"end":{"line":256,"column":1}},"line":251},"25":{"name":"(anonymous_25)","decl":{"start":{"line":252,"column":9},"end":{"line":252,"column":10}},"loc":{"start":{"line":252,"column":19},"end":{"line":252,"column":40}},"line":252},"26":{"name":"(anonymous_26)","decl":{"start":{"line":253,"column":11},"end":{"line":253,"column":12}},"loc":{"start":{"line":253,"column":21},"end":{"line":253,"column":44}},"line":253},"27":{"name":"(anonymous_27)","decl":{"start":{"line":254,"column":23},"end":{"line":254,"column":24}},"loc":{"start":{"line":254,"column":29},"end":{"line":254,"column":60}},"line":254},"28":{"name":"(anonymous_28)","decl":{"start":{"line":255,"column":14},"end":{"line":255,"column":15}},"loc":{"start":{"line":255,"column":26},"end":{"line":255,"column":54}},"line":255}},"branchMap":{"0":{"loc":{"start":{"line":38,"column":6},"end":{"line":46,"column":7}},"type":"if","locations":[{"start":{"line":38,"column":6},"end":{"line":46,"column":7}},{"start":{"line":38,"column":6},"end":{"line":46,"column":7}}],"line":38},"1":{"loc":{"start":{"line":40,"column":13},"end":{"line":46,"column":7}},"type":"if","locations":[{"start":{"line":40,"column":13},"end":{"line":46,"column":7}},{"start":{"line":40,"column":13},"end":{"line":46,"column":7}}],"line":40},"2":{"loc":{"start":{"line":62,"column":4},"end":{"line":66,"column":5}},"type":"if","locations":[{"start":{"line":62,"column":4},"end":{"line":66,"column":5}},{"start":{"line":62,"column":4},"end":{"line":66,"column":5}}],"line":62},"3":{"loc":{"start":{"line":62,"column":7},"end":{"line":62,"column":77}},"type":"binary-expr","locations":[{"start":{"line":62,"column":7},"end":{"line":62,"column":48}},{"start":{"line":62,"column":52},"end":{"line":62,"column":77}}],"line":62},"4":{"loc":{"start":{"line":70,"column":4},"end":{"line":76,"column":5}},"type":"if","locations":[{"start":{"line":70,"column":4},"end":{"line":76,"column":5}},{"start":{"line":70,"column":4},"end":{"line":76,"column":5}}],"line":70},"5":{"loc":{"start":{"line":70,"column":7},"end":{"line":70,"column":60}},"type":"binary-expr","locations":[{"start":{"line":70,"column":7},"end":{"line":70,"column":30}},{"start":{"line":70,"column":34},"end":{"line":70,"column":60}}],"line":70},"6":{"loc":{"start":{"line":88,"column":8},"end":{"line":120,"column":19}},"type":"if","locations":[{"start":{"line":88,"column":8},"end":{"line":120,"column":19}},{"start":{"line":88,"column":8},"end":{"line":120,"column":19}}],"line":88},"7":{"loc":{"start":{"line":198,"column":12},"end":{"line":205,"column":21}},"type":"cond-expr","locations":[{"start":{"line":199,"column":14},"end":{"line":201,"column":21}},{"start":{"line":203,"column":14},"end":{"line":205,"column":21}}],"line":198},"8":{"loc":{"start":{"line":198,"column":13},"end":{"line":198,"column":76}},"type":"binary-expr","locations":[{"start":{"line":198,"column":13},"end":{"line":198,"column":37}},{"start":{"line":198,"column":41},"end":{"line":198,"column":76}}],"line":198}},"s":{"0":3,"1":3,"2":0,"3":0,"4":0,"5":0,"6":0,"7":0,"8":0,"9":0,"10":0,"11":0,"12":0,"13":0,"14":0,"15":0,"16":0,"17":0,"18":0,"19":0,"20":0,"21":0,"22":0,"23":0,"24":0,"25":0,"26":0,"27":0,"28":0,"29":0,"30":0,"31":0,"32":0,"33":0,"34":0,"35":0,"36":0,"37":0,"38":0,"39":0,"40":0,"41":0,"42":0,"43":0,"44":0,"45":0,"46":0,"47":0,"48":0,"49":0,"50":0,"51":3,"52":3,"53":0,"54":3,"55":0,"56":0,"57":0,"58":0,"59":0},"f":{"0":0,"1":0,"2":0,"3":0,"4":0,"5":0,"6":0,"7":0,"8":0,"9":0,"10":0,"11":0,"12":0,"13":0,"14":0,"15":0,"16":0,"17":0,"18":0,"19":0,"20":0,"21":0,"22":0,"23":0,"24":0,"25":0,"26":0,"27":0,"28":0},"b":{"0":[0,0],"1":[0,0],"2":[0,0],"3":[0,0],"4":[0,0],"5":[0,0],"6":[0,0],"7":[0,0],"8":[0,0]},"_coverageSchema":"332fd63041d2c1bcb487cc26dd0d5f7d97098a6c","hash":"3d33d06eae7a80f21d2e1aa81794d6648c653af3"}
,"/Users/hacktiv8mac/Documents/finalproject/pin-frontend/PlanItNow/src/components/MapDetail/index.js": {"path":"/Users/hacktiv8mac/Documents/finalproject/pin-frontend/PlanItNow/src/components/MapDetail/index.js","statementMap":{"0":{"start":{"line":10,"column":18},"end":{"line":30,"column":1}},"1":{"start":{"line":11,"column":2},"end":{"line":29,"column":9}},"2":{"start":{"line":32,"column":20},"end":{"line":32,"column":50}},"3":{"start":{"line":33,"column":21},"end":{"line":33,"column":52}},"4":{"start":{"line":35,"column":15},"end":{"line":48,"column":1}}},"fnMap":{"0":{"name":"(anonymous_0)","decl":{"start":{"line":10,"column":18},"end":{"line":10,"column":19}},"loc":{"start":{"line":11,"column":2},"end":{"line":29,"column":9}},"line":11}},"branchMap":{},"s":{"0":3,"1":0,"2":3,"3":3,"4":3},"f":{"0":0},"b":{},"_coverageSchema":"332fd63041d2c1bcb487cc26dd0d5f7d97098a6c","hash":"1bfbf702dfc6bf2c9742e867e763604241d04aec"}
,"/Users/hacktiv8mac/Documents/finalproject/pin-frontend/PlanItNow/src/components/Profile/Tags.js": {"path":"/Users/hacktiv8mac/Documents/finalproject/pin-frontend/PlanItNow/src/components/Profile/Tags.js","statementMap":{"0":{"start":{"line":6,"column":4},"end":{"line":6,"column":16}},"1":{"start":{"line":10,"column":26},"end":{"line":10,"column":36}},"2":{"start":{"line":11,"column":19},"end":{"line":11,"column":71}},"3":{"start":{"line":11,"column":57},"end":{"line":11,"column":68}},"4":{"start":{"line":12,"column":4},"end":{"line":12,"column":24}},"5":{"start":{"line":13,"column":4},"end":{"line":17,"column":5}}},"fnMap":{"0":{"name":"(anonymous_0)","decl":{"start":{"line":5,"column":2},"end":{"line":5,"column":3}},"loc":{"start":{"line":5,"column":21},"end":{"line":7,"column":3}},"line":5},"1":{"name":"(anonymous_1)","decl":{"start":{"line":9,"column":2},"end":{"line":9,"column":3}},"loc":{"start":{"line":9,"column":11},"end":{"line":18,"column":3}},"line":9},"2":{"name":"(anonymous_2)","decl":{"start":{"line":11,"column":52},"end":{"line":11,"column":53}},"loc":{"start":{"line":11,"column":57},"end":{"line":11,"column":68}},"line":11}},"branchMap":{},"s":{"0":0,"1":0,"2":0,"3":0,"4":0,"5":0},"f":{"0":0,"1":0,"2":0},"b":{},"_coverageSchema":"332fd63041d2c1bcb487cc26dd0d5f7d97098a6c","hash":"dfb6e88fc1fcd9f0182b545982a819625eb1dbf0"}
,"/Users/hacktiv8mac/Documents/finalproject/pin-frontend/PlanItNow/src/components/Profile/index.js": {"path":"/Users/hacktiv8mac/Documents/finalproject/pin-frontend/PlanItNow/src/components/Profile/index.js","statementMap":{"0":{"start":{"line":18,"column":4},"end":{"line":18,"column":16}},"1":{"start":{"line":22,"column":4},"end":{"line":22,"column":29}},"2":{"start":{"line":25,"column":4},"end":{"line":25,"column":28}},"3":{"start":{"line":29,"column":23},"end":{"line":29,"column":50}},"4":{"start":{"line":31,"column":4},"end":{"line":34,"column":5}},"5":{"start":{"line":32,"column":35},"end":{"line":32,"column":45}},"6":{"start":{"line":33,"column":6},"end":{"line":33,"column":35}},"7":{"start":{"line":38,"column":4},"end":{"line":38,"column":24}},"8":{"start":{"line":39,"column":25},"end":{"line":39,"column":46}},"9":{"start":{"line":40,"column":4},"end":{"line":40,"column":22}},"10":{"start":{"line":44,"column":4},"end":{"line":44,"column":15}},"11":{"start":{"line":48,"column":4},"end":{"line":48,"column":76}},"12":{"start":{"line":52,"column":4},"end":{"line":52,"column":79}},"13":{"start":{"line":57,"column":6},"end":{"line":88,"column":13}},"14":{"start":{"line":83,"column":88},"end":{"line":83,"column":107}},"15":{"start":{"line":91,"column":4},"end":{"line":176,"column":5}},"16":{"start":{"line":93,"column":18},"end":{"line":93,"column":33}},"17":{"start":{"line":96,"column":36},"end":{"line":96,"column":50}},"18":{"start":{"line":101,"column":29},"end":{"line":101,"column":53}},"19":{"start":{"line":122,"column":14},"end":{"line":153,"column":21}},"20":{"start":{"line":124,"column":51},"end":{"line":124,"column":116}},"21":{"start":{"line":159,"column":25},"end":{"line":159,"column":69}},"22":{"start":{"line":180,"column":24},"end":{"line":183,"column":2}},"23":{"start":{"line":180,"column":34},"end":{"line":183,"column":1}},"24":{"start":{"line":184,"column":27},"end":{"line":187,"column":2}},"25":{"start":{"line":184,"column":40},"end":{"line":187,"column":1}},"26":{"start":{"line":185,"column":25},"end":{"line":185,"column":52}},"27":{"start":{"line":186,"column":16},"end":{"line":186,"column":34}}},"fnMap":{"0":{"name":"(anonymous_0)","decl":{"start":{"line":17,"column":2},"end":{"line":17,"column":3}},"loc":{"start":{"line":17,"column":21},"end":{"line":19,"column":3}},"line":17},"1":{"name":"(anonymous_1)","decl":{"start":{"line":21,"column":2},"end":{"line":21,"column":3}},"loc":{"start":{"line":21,"column":16},"end":{"line":23,"column":3}},"line":21},"2":{"name":"(anonymous_2)","decl":{"start":{"line":24,"column":2},"end":{"line":24,"column":3}},"loc":{"start":{"line":24,"column":15},"end":{"line":26,"column":3}},"line":24},"3":{"name":"(anonymous_3)","decl":{"start":{"line":28,"column":2},"end":{"line":28,"column":3}},"loc":{"start":{"line":28,"column":23},"end":{"line":35,"column":3}},"line":28},"4":{"name":"(anonymous_4)","decl":{"start":{"line":37,"column":2},"end":{"line":37,"column":3}},"loc":{"start":{"line":37,"column":17},"end":{"line":41,"column":3}},"line":37},"5":{"name":"(anonymous_5)","decl":{"start":{"line":43,"column":2},"end":{"line":43,"column":3}},"loc":{"start":{"line":43,"column":21},"end":{"line":45,"column":3}},"line":43},"6":{"name":"(anonymous_6)","decl":{"start":{"line":47,"column":2},"end":{"line":47,"column":3}},"loc":{"start":{"line":47,"column":22},"end":{"line":49,"column":3}},"line":47},"7":{"name":"(anonymous_7)","decl":{"start":{"line":51,"column":2},"end":{"line":51,"column":3}},"loc":{"start":{"line":51,"column":25},"end":{"line":53,"column":3}},"line":51},"8":{"name":"(anonymous_8)","decl":{"start":{"line":55,"column":2},"end":{"line":55,"column":3}},"loc":{"start":{"line":55,"column":12},"end":{"line":177,"column":3}},"line":55},"9":{"name":"(anonymous_9)","decl":{"start":{"line":83,"column":84},"end":{"line":83,"column":85}},"loc":{"start":{"line":83,"column":88},"end":{"line":83,"column":107}},"line":83},"10":{"name":"(anonymous_10)","decl":{"start":{"line":93,"column":13},"end":{"line":93,"column":14}},"loc":{"start":{"line":93,"column":18},"end":{"line":93,"column":33}},"line":93},"11":{"name":"(anonymous_11)","decl":{"start":{"line":96,"column":30},"end":{"line":96,"column":31}},"loc":{"start":{"line":96,"column":36},"end":{"line":96,"column":50}},"line":96},"12":{"name":"(anonymous_12)","decl":{"start":{"line":101,"column":24},"end":{"line":101,"column":25}},"loc":{"start":{"line":101,"column":29},"end":{"line":101,"column":53}},"line":101},"13":{"name":"(anonymous_13)","decl":{"start":{"line":121,"column":40},"end":{"line":121,"column":41}},"loc":{"start":{"line":122,"column":14},"end":{"line":153,"column":21}},"line":122},"14":{"name":"(anonymous_14)","decl":{"start":{"line":124,"column":45},"end":{"line":124,"column":46}},"loc":{"start":{"line":124,"column":51},"end":{"line":124,"column":116}},"line":124},"15":{"name":"(anonymous_15)","decl":{"start":{"line":159,"column":19},"end":{"line":159,"column":20}},"loc":{"start":{"line":159,"column":25},"end":{"line":159,"column":69}},"line":159},"16":{"name":"(anonymous_16)","decl":{"start":{"line":180,"column":24},"end":{"line":180,"column":25}},"loc":{"start":{"line":180,"column":34},"end":{"line":183,"column":1}},"line":180},"17":{"name":"(anonymous_17)","decl":{"start":{"line":184,"column":27},"end":{"line":184,"column":28}},"loc":{"start":{"line":184,"column":40},"end":{"line":187,"column":1}},"line":184},"18":{"name":"(anonymous_18)","decl":{"start":{"line":185,"column":13},"end":{"line":185,"column":14}},"loc":{"start":{"line":185,"column":25},"end":{"line":185,"column":52}},"line":185},"19":{"name":"(anonymous_19)","decl":{"start":{"line":186,"column":10},"end":{"line":186,"column":11}},"loc":{"start":{"line":186,"column":16},"end":{"line":186,"column":34}},"line":186}},"branchMap":{"0":{"loc":{"start":{"line":31,"column":4},"end":{"line":34,"column":5}},"type":"if","locations":[{"start":{"line":31,"column":4},"end":{"line":34,"column":5}},{"start":{"line":31,"column":4},"end":{"line":34,"column":5}}],"line":31},"1":{"loc":{"start":{"line":115,"column":9},"end":{"line":156,"column":18}},"type":"cond-expr","locations":[{"start":{"line":115,"column":47},"end":{"line":117,"column":63}},{"start":{"line":119,"column":8},"end":{"line":156,"column":18}}],"line":115}},"s":{"0":0,"1":0,"2":0,"3":0,"4":0,"5":0,"6":0,"7":0,"8":0,"9":0,"10":0,"11":0,"12":0,"13":0,"14":0,"15":0,"16":0,"17":0,"18":0,"19":0,"20":0,"21":0,"22":3,"23":0,"24":3,"25":0,"26":0,"27":0},"f":{"0":0,"1":0,"2":0,"3":0,"4":0,"5":0,"6":0,"7":0,"8":0,"9":0,"10":0,"11":0,"12":0,"13":0,"14":0,"15":0,"16":0,"17":0,"18":0,"19":0},"b":{"0":[0,0],"1":[0,0]},"_coverageSchema":"332fd63041d2c1bcb487cc26dd0d5f7d97098a6c","hash":"c873c8f5bcb95617f8b521440a13c6e05e49afff"}
[...]
7},"end":{"line":59,"column":57}},"13":{"start":{"line":69,"column":12},"end":{"line":117,"column":19}},"14":{"start":{"line":81,"column":22},"end":{"line":112,"column":29}}},"fnMap":{"0":{"name":"(anonymous_0)","decl":{"start":{"line":27,"column":2},"end":{"line":27,"column":3}},"loc":{"start":{"line":27,"column":21},"end":{"line":32,"column":3}},"line":27},"1":{"name":"(anonymous_1)","decl":{"start":{"line":34,"column":2},"end":{"line":34,"column":3}},"loc":{"start":{"line":34,"column":23},"end":{"line":36,"column":3}},"line":34},"2":{"name":"(anonymous_2)","decl":{"start":{"line":38,"column":2},"end":{"line":38,"column":3}},"loc":{"start":{"line":38,"column":22},"end":{"line":50,"column":3}},"line":38},"3":{"name":"(anonymous_3)","decl":{"start":{"line":42,"column":50},"end":{"line":42,"column":51}},"loc":{"start":{"line":42,"column":59},"end":{"line":42,"column":73}},"line":42},"4":{"name":"(anonymous_4)","decl":{"start":{"line":47,"column":7},"end":{"line":47,"column":8}},"loc":{"start":{"line":47,"column":13},"end":{"line":49,"column":5}},"line":47},"5":{"name":"(anonymous_5)","decl":{"start":{"line":53,"column":2},"end":{"line":53,"column":3}},"loc":{"start":{"line":53,"column":11},"end":{"line":123,"column":3}},"line":53},"6":{"name":"(anonymous_6)","decl":{"start":{"line":59,"column":21},"end":{"line":59,"column":22}},"loc":{"start":{"line":59,"column":27},"end":{"line":59,"column":57}},"line":59},"7":{"name":"(anonymous_7)","decl":{"start":{"line":68,"column":42},"end":{"line":68,"column":43}},"loc":{"start":{"line":69,"column":12},"end":{"line":117,"column":19}},"line":69},"8":{"name":"(anonymous_8)","decl":{"start":{"line":80,"column":31},"end":{"line":80,"column":32}},"loc":{"start":{"line":81,"column":22},"end":{"line":112,"column":29}},"line":81}},"branchMap":{},"s":{"0":0,"1":0,"2":0,"3":0,"4":0,"5":0,"6":0,"7":0,"8":0,"9":0,"10":0,"11":0,"12":0,"13":0,"14":0},"f":{"0":0,"1":0,"2":0,"3":0,"4":0,"5":0,"6":0,"7":0,"8":0},"b":{},"_coverageSchema":"332fd63041d2c1bcb487cc26dd0d5f7d97098a6c","hash":"e1d791e884ec1873acd11b06f2d4b635ea63bbab"}
,"/Users/hacktiv8mac/Documents/finalproject/pin-frontend/PlanItNow/src/components/step2/index.js": {"path":"/Users/hacktiv8mac/Documents/finalproject/pin-frontend/PlanItNow/src/components/step2/index.js","statementMap":{"0":{"start":{"line":14,"column":15},"end":{"line":14,"column":66}},"1":{"start":{"line":15,"column":21},"end":{"line":37,"column":1}},"2":{"start":{"line":41,"column":4},"end":{"line":50,"column":6}},"3":{"start":{"line":56,"column":4},"end":{"line":56,"column":16}},"4":{"start":{"line":57,"column":4},"end":{"line":64,"column":5}},"5":{"start":{"line":68,"column":20},"end":{"line":68,"column":53}},"6":{"start":{"line":69,"column":19},"end":{"line":69,"column":21}},"7":{"start":{"line":70,"column":4},"end":{"line":73,"column":5}},"8":{"start":{"line":71,"column":6},"end":{"line":71,"column":83}},"9":{"start":{"line":71,"column":67},"end":{"line":71,"column":80}},"10":{"start":{"line":72,"column":6},"end":{"line":72,"column":47}},"11":{"start":{"line":76,"column":4},"end":{"line":76,"column":32}},"12":{"start":{"line":77,"column":4},"end":{"line":80,"column":6}},"13":{"start":{"line":84,"column":4},"end":{"line":85,"column":54}},"14":{"start":{"line":86,"column":4},"end":{"line":86,"column":40}},"15":{"start":{"line":90,"column":23},"end":{"line":90,"column":25}},"16":{"start":{"line":91,"column":4},"end":{"line":100,"column":5}},"17":{"start":{"line":92,"column":6},"end":{"line":99,"column":7}},"18":{"start":{"line":93,"column":20},"end":{"line":93,"column":68}},"19":{"start":{"line":93,"column":60},"end":{"line":93,"column":67}},"20":{"start":{"line":94,"column":23},"end":{"line":97,"column":9}},"21":{"start":{"line":98,"column":8},"end":{"line":98,"column":34}},"22":{"start":{"line":101,"column":4},"end":{"line":103,"column":6}},"23":{"start":{"line":105,"column":25},"end":{"line":105,"column":46}},"24":{"start":{"line":106,"column":4},"end":{"line":106,"column":22}},"25":{"start":{"line":111,"column":4},"end":{"line":171,"column":5}},"26":{"start":{"line":125,"column":37},"end":{"line":125,"column":68}},"27":{"start":{"line":129,"column":20},"end":{"line":129,"column":55}},"28":{"start":{"line":141,"column":24},"end":{"line":141,"column":96}},"29":{"start":{"line":142,"column":24},"end":{"line":142,"column":43}},"30":{"start":{"line":144,"column":40},"end":{"line":144,"column":67}},"31":{"start":{"line":150,"column":18},"end":{"line":157,"column":37}},"32":{"start":{"line":152,"column":37},"end":{"line":152,"column":64}},"33":{"start":{"line":166,"column":31},"end":{"line":166,"column":55}},"34":{"start":{"line":175,"column":24},"end":{"line":177,"column":2}},"35":{"start":{"line":175,"column":34},"end":{"line":177,"column":1}},"36":{"start":{"line":179,"column":27},"end":{"line":181,"column":2}},"37":{"start":{"line":179,"column":40},"end":{"line":181,"column":1}},"38":{"start":{"line":180,"column":36},"end":{"line":180,"column":74}}},"fnMap":{"0":{"name":"(anonymous_0)","decl":{"start":{"line":40,"column":2},"end":{"line":40,"column":3}},"loc":{"start":{"line":40,"column":12},"end":{"line":51,"column":3}},"line":40},"1":{"name":"(anonymous_1)","decl":{"start":{"line":55,"column":2},"end":{"line":55,"column":3}},"loc":{"start":{"line":55,"column":20},"end":{"line":65,"column":3}},"line":55},"2":{"name":"(anonymous_2)","decl":{"start":{"line":67,"column":2},"end":{"line":67,"column":3}},"loc":{"start":{"line":67,"column":21},"end":{"line":81,"column":3}},"line":67},"3":{"name":"(anonymous_3)","decl":{"start":{"line":71,"column":61},"end":{"line":71,"column":62}},"loc":{"start":{"line":71,"column":67},"end":{"line":71,"column":80}},"line":71},"4":{"name":"(anonymous_4)","decl":{"start":{"line":83,"column":2},"end":{"line":83,"column":3}},"loc":{"start":{"line":83,"column":25},"end":{"line":87,"column":3}},"line":83},"5":{"name":"(anonymous_5)","decl":{"start":{"line":89,"column":2},"end":{"line":89,"column":3}},"loc":{"start":{"line":89,"column":22},"end":{"line":107,"column":3}},"line":89},"6":{"name":"(anonymous_6)","decl":{"start":{"line":93,"column":54},"end":{"line":93,"column":55}},"loc":{"start":{"line":93,"column":60},"end":{"line":93,"column":67}},"line":93},"7":{"name":"(anonymous_7)","decl":{"start":{"line":110,"column":2},"end":{"line":110,"column":3}},"loc":{"start":{"line":110,"column":11},"end":{"line":172,"column":3}},"line":110},"8":{"name":"(anonymous_8)","decl":{"start":{"line":125,"column":30},"end":{"line":125,"column":31}},"loc":{"start":{"line":125,"column":36},"end":{"line":125,"column":69}},"line":125},"9":{"name":"(anonymous_9)","decl":{"start":{"line":128,"column":47},"end":{"line":128,"column":48}},"loc":{"start":{"line":128,"column":53},"end":{"line":130,"column":19}},"line":128},"10":{"name":"(anonymous_10)","decl":{"start":{"line":140,"column":34},"end":{"line":140,"column":35}},"loc":{"start":{"line":140,"column":39},"end":{"line":143,"column":23}},"line":140},"11":{"name":"(anonymous_11)","decl":{"start":{"line":144,"column":33},"end":{"line":144,"column":34}},"loc":{"start":{"line":144,"column":40},"end":{"line":144,"column":67}},"line":144},"12":{"name":"(anonymous_12)","decl":{"start":{"line":149,"column":40},"end":{"line":149,"column":41}},"loc":{"start":{"line":150,"column":18},"end":{"line":157,"column":37}},"line":150},"13":{"name":"(anonymous_13)","decl":{"start":{"line":152,"column":29},"end":{"line":152,"column":30}},"loc":{"start":{"line":152,"column":35},"end":{"line":152,"column":66}},"line":152},"14":{"name":"(anonymous_14)","decl":{"start":{"line":166,"column":27},"end":{"line":166,"column":28}},"loc":{"start":{"line":166,"column":31},"end":{"line":166,"column":55}},"line":166},"15":{"name":"(anonymous_15)","decl":{"start":{"line":175,"column":24},"end":{"line":175,"column":25}},"loc":{"start":{"line":175,"column":34},"end":{"line":177,"column":1}},"line":175},"16":{"name":"(anonymous_16)","decl":{"start":{"line":179,"column":27},"end":{"line":179,"column":28}},"loc":{"start":{"line":179,"column":40},"end":{"line":181,"column":1}},"line":179},"17":{"name":"(anonymous_17)","decl":{"start":{"line":180,"column":16},"end":{"line":180,"column":17}},"loc":{"start":{"line":180,"column":36},"end":{"line":180,"column":74}},"line":180}},"branchMap":{},"s":{"0":3,"1":3,"2":0,"3":0,"4":0,"5":0,"6":0,"7":0,"8":0,"9":0,"10":0,"11":0,"12":0,"13":0,"14":0,"15":0,"16":0,"17":0,"18":0,"19":0,"20":0,"21":0,"22":0,"23":0,"24":0,"25":0,"26":0,"27":0,"28":0,"29":0,"30":0,"31":0,"32":0,"33":0,"34":3,"35":0,"36":3,"37":0,"38":0},"f":{"0":0,"1":0,"2":0,"3":0,"4":0,"5":0,"6":0,"7":0,"8":0,"9":0,"10":0,"11":0,"12":0,"13":0,"14":0,"15":0,"16":0,"17":0},"b":{},"_coverageSchema":"332fd63041d2c1bcb487cc26dd0d5f7d97098a6c","hash":"82f67d620d1acf470f914eef801b1590c8c6f905"}
,"/Users/hacktiv8mac/Documents/finalproject/pin-frontend/PlanItNow/src/reducers/index.js": {"path":"/Users/hacktiv8mac/Documents/finalproject/pin-frontend/PlanItNow/src/reducers/index.js","statementMap":{"0":{"start":{"line":7,"column":20},"end":{"line":11,"column":2}}},"fnMap":{},"branchMap":{},"s":{"0":2},"f":{},"b":{},"_coverageSchema":"332fd63041d2c1bcb487cc26dd0d5f7d97098a6c","hash":"1e10fe28b748e3fde4adac67b8377bfe36b87dbe"}
,"/Users/hacktiv8mac/Documents/finalproject/pin-frontend/PlanItNow/src/reducers/itineraryReducer.js": {"path":"/Users/hacktiv8mac/Documents/finalproject/pin-frontend/PlanItNow/src/reducers/itineraryReducer.js","statementMap":{"0":{"start":{"line":3,"column":25},"end":{"line":18,"column":1}},"1":{"start":{"line":4,"column":2},"end":{"line":17,"column":3}},"2":{"start":{"line":6,"column":21},"end":{"line":9,"column":7}},"3":{"start":{"line":10,"column":6},"end":{"line":10,"column":20}},"4":{"start":{"line":13,"column":6},"end":{"line":13,"column":28}},"5":{"start":{"line":15,"column":13},"end":{"line":15,"column":26}}},"fnMap":{"0":{"name":"(anonymous_0)","decl":{"start":{"line":3,"column":25},"end":{"line":3,"column":26}},"loc":{"start":{"line":3,"column":49},"end":{"line":18,"column":1}},"line":3}},"branchMap":{"0":{"loc":{"start":{"line":3,"column":26},"end":{"line":3,"column":36}},"type":"default-arg","locations":[{"start":{"line":3,"column":34},"end":{"line":3,"column":36}}],"line":3},"1":{"loc":{"start":{"line":4,"column":2},"end":{"line":17,"column":3}},"type":"switch","locations":[{"start":{"line":5,"column":4},"end":{"line":11,"column":5}},{"start":{"line":12,"column":4},"end":{"line":14,"column":5}},{"start":{"line":15,"column":4},"end":{"line":15,"column":26}}],"line":4}},"s":{"0":3,"1":8,"2":0,"3":0,"4":1,"5":7},"f":{"0":8},"b":{"0":[8],"1":[0,1,7]},"_coverageSchema":"332fd63041d2c1bcb487cc26dd0d5f7d97098a6c","hash":"8799788e6d423e0a6d5e2443e09857c66c69a33f"}
,"/Users/hacktiv8mac/Documents/finalproject/pin-frontend/PlanItNow/src/reducers/placeReducer.js": {"path":"/Users/hacktiv8mac/Documents/finalproject/pin-frontend/PlanItNow/src/reducers/placeReducer.js","statementMap":{"0":{"start":{"line":3,"column":21},"end":{"line":15,"column":1}},"1":{"start":{"line":16,"column":21},"end":{"line":45,"column":1}},"2":{"start":{"line":17,"column":2},"end":{"line":44,"column":3}},"3":{"start":{"line":19,"column":6},"end":{"line":22,"column":7}},"4":{"start":{"line":25,"column":6},"end":{"line":28,"column":7}},"5":{"start":{"line":31,"column":6},"end":{"line":34,"column":7}},"6":{"start":{"line":37,"column":6},"end":{"line":40,"column":7}},"7":{"start":{"line":42,"column":13},"end":{"line":42,"column":26}}},"fnMap":{"0":{"name":"(anonymous_0)","decl":{"start":{"line":16,"column":21},"end":{"line":16,"column":22}},"loc":{"start":{"line":16,"column":55},"end":{"line":45,"column":1}},"line":16}},"branchMap":{"0":{"loc":{"start":{"line":16,"column":22},"end":{"line":16,"column":42}},"type":"default-arg","locations":[{"start":{"line":16,"column":30},"end":{"line":16,"column":42}}],"line":16},"1":{"loc":{"start":{"line":17,"column":2},"end":{"line":44,"column":3}},"type":"switch","locations":[{"start":{"line":18,"column":4},"end":{"line":23,"column":5}},{"start":{"line":24,"column":4},"end":{"line":29,"column":5}},{"start":{"line":30,"column":4},"end":{"line":35,"column":5}},{"start":{"line":36,"column":4},"end":{"line":41,"column":5}},{"start":{"line":42,"column":4},"end":{"line":42,"column":26}}],"line":17}},"s":{"0":3,"1":3,"2":11,"3":1,"4":1,"5":1,"6":1,"7":7},"f":{"0":11},"b":{"0":[11],"1":[1,1,1,1,7]},"_coverageSchema":"332fd63041d2c1bcb487cc26dd0d5f7d97098a6c","hash":"24ab212353ed767c44eccacba0e21641000e0c99"}
,"/Users/hacktiv8mac/Documents/finalproject/pin-frontend/PlanItNow/src/reducers/userReducer.js": {"path":"/Users/hacktiv8mac/Documents/finalproject/pin-frontend/PlanItNow/src/reducers/userReducer.js","statementMap":{"0":{"start":{"line":7,"column":21},"end":{"line":13,"column":1}},"1":{"start":{"line":17,"column":2},"end":{"line":26,"column":3}},"2":{"start":{"line":18,"column":4},"end":{"line":18,"column":66}},"3":{"start":{"line":20,"column":4},"end":{"line":20,"column":48}},"4":{"start":{"line":21,"column":4},"end":{"line":25,"column":8}},"5":{"start":{"line":30,"column":2},"end":{"line":34,"column":6}},"6":{"start":{"line":39,"column":2},"end":{"line":47,"column":4}},"7":{"start":{"line":40,"column":4},"end":{"line":40,"column":33}},"8":{"start":{"line":40,"column":14},"end":{"line":40,"column":33}},"9":{"start":{"line":48,"column":2},"end":{"line":50,"column":4}},"10":{"start":{"line":49,"column":4},"end":{"line":49,"column":33}},"11":{"start":{"line":49,"column":14},"end":{"line":49,"column":33}},"12":{"start":{"line":51,"column":2},"end":{"line":51,"column":21}},"13":{"start":{"line":55,"column":2},"end":{"line":63,"column":3}},"14":{"start":{"line":56,"column":4},"end":{"line":56,"column":23}},"15":{"start":{"line":58,"column":4},"end":{"line":58,"column":48}},"16":{"start":{"line":59,"column":4},"end":{"line":62,"column":8}},"17":{"start":{"line":67,"column":2},"end":{"line":76,"column":3}},"18":{"start":{"line":68,"column":4},"end":{"line":68,"column":23}},"19":{"start":{"line":70,"column":4},"end":{"line":70,"column":25}},"20":{"start":{"line":71,"column":4},"end":{"line":71,"column":48}},"21":{"start":{"line":72,"column":4},"end":{"line":75,"column":8}},"22":{"start":{"line":79,"column":20},"end":{"line":97,"column":1}},"23":{"start":{"line":80,"column":2},"end":{"line":96,"column":3}},"24":{"start":{"line":81,"column":21},"end":{"line":81,"column":56}},"25":{"start":{"line":82,"column":22},"end":{"line":82,"column":81}},"26":{"start":{"line":83,"column":22},"end":{"line":83,"column":51}},"27":{"start":{"line":84,"column":22},"end":{"line":87,"column":5}},"28":{"start":{"line":88,"column":19},"end":{"line":88,"column":49}},"29":{"start":{"line":89,"column":26},"end":{"line":93,"column":5}},"30":{"start":{"line":94,"column":22},"end":{"line":94,"column":37}},"31":{"start":{"line":95,"column":13},"end":{"line":95,"column":26}}},"fnMap":{"0":{"name":"loginSuccess","decl":{"start":{"line":15,"column":9},"end":{"line":15,"column":21}},"loc":{"start":{"line":15,"column":31},"end":{"line":27,"column":1}},"line":15},"1":{"name":"loginBecauseAsyncStorage","decl":{"start":{"line":29,"column":9},"end":{"line":29,"column":33}},"loc":{"start":{"line":29,"column":43},"end":{"line":35,"column":1}},"line":29},"2":{"name":"logout","decl":{"start":{"line":38,"column":9},"end":{"line":38,"column":15}},"loc":{"start":{"line":38,"column":17},"end":{"line":52,"column":1}},"line":38},"3":{"name":"(anonymous_3)","decl":{"start":{"line":39,"column":35},"end":{"line":39,"column":36}},"loc":{"start":{"line":39,"column":45},"end":{"line":47,"column":3}},"line":39},"4":{"name":"(anonymous_4)","decl":{"start":{"line":48,"column":32},"end":{"line":48,"column":33}},"loc":{"start":{"line":48,"column":42},"end":{"line":50,"column":3}},"line":48},"5":{"name":"signUp","decl":{"start":{"line":54,"column":9},"end":{"line":54,"column":15}},"loc":{"start":{"line":54,"column":25},"end":{"line":64,"column":1}},"line":54},"6":{"name":"loginFb","decl":{"start":{"line":66,"column":9},"end":{"line":66,"column":16}},"loc":{"start":{"line":66,"column":26},"end":{"line":77,"column":1}},"line":66},"7":{"name":"(anonymous_7)","decl":{"start":{"line":79,"column":20},"end":{"line":79,"column":21}},"loc":{"start":{"line":79,"column":54},"end":{"line":97,"column":1}},"line":79}},"branchMap":{"0":{"loc":{"start":{"line":17,"column":2},"end":{"line":26,"column":3}},"type":"if","locations":[{"start":{"line":17,"column":2},"end":{"line":26,"column":3}},{"start":{"line":17,"column":2},"end":{"line":26,"column":3}}],"line":17},"1":{"loc":{"start":{"line":17,"column":5},"end":{"line":17,"column":44}},"type":"binary-expr","locations":[{"start":{"line":17,"column":5},"end":{"line":17,"column":27}},{"start":{"line":17,"column":31},"end":{"line":17,"column":44}}],"line":17},"2":{"loc":{"start":{"line":40,"column":4},"end":{"line":40,"column":33}},"type":"if","locations":[{"start":{"line":40,"column":4},"end":{"line":40,"column":33}},{"start":{"line":40,"column":4},"end":{"line":40,"column":33}}],"line":40},"3":{"loc":{"start":{"line":49,"column":4},"end":{"line":49,"column":33}},"type":"if","locations":[{"start":{"line":49,"column":4},"end":{"line":49,"column":33}},{"start":{"line":49,"column":4},"end":{"line":49,"column":33}}],"line":49},"4":{"loc":{"start":{"line":55,"column":2},"end":{"line":63,"column":3}},"type":"if","locations":[{"start":{"line":55,"column":2},"end":{"line":63,"column":3}},{"start":{"line":55,"column":2},"end":{"line":63,"column":3}}],"line":55},"5":{"loc":{"start":{"line":55,"column":5},"end":{"line":55,"column":44}},"type":"binary-expr","locations":[{"start":{"line":55,"column":5},"end":{"line":55,"column":27}},{"start":{"line":55,"column":31},"end":{"line":55,"column":44}}],"line":55},"6":{"loc":{"start":{"line":67,"column":2},"end":{"line":76,"column":3}},"type":"if","locations":[{"start":{"line":67,"column":2},"end":{"line":76,"column":3}},{"start":{"line":67,"column":2},"end":{"line":76,"column":3}}],"line":67},"7":{"loc":{"start":{"line":67,"column":6},"end":{"line":67,"column":45}},"type":"binary-expr","locations":[{"start":{"line":67,"column":6},"end":{"line":67,"column":28}},{"start":{"line":67,"column":32},"end":{"line":67,"column":45}}],"line":67},"8":{"loc":{"start":{"line":79,"column":21},"end":{"line":79,"column":41}},"type":"default-arg","locations":[{"start":{"line":79,"column":29},"end":{"line":79,"column":41}}],"line":79},"9":{"loc":{"start":{"line":80,"column":2},"end":{"line":96,"column":3}},"type":"switch","locations":[{"start":{"line":81,"column":4},"end":{"line":81,"column":56}},{"start":{"line":82,"column":4},"end":{"line":82,"column":81}},{"start":{"line":83,"column":4},"end":{"line":83,"column":51}},{"start":{"line":84,"column":4},"end":{"line":87,"column":5}},{"start":{"line":88,"column":4},"end":{"line":88,"column":49}},{"start":{"line":89,"column":4},"end":{"line":93,"column":5}},{"start":{"line":94,"column":4},"end":{"line":94,"column":37}},{"start":{"line":95,"column":4},"end":{"line":95,"column":26}}],"line":80}},"s":{"0":3,"1":1,"2":0,"3":1,"4":1,"5":0,"6":1,"7":0,"8":0,"9":1,"10":0,"11":0,"12":1,"13":1,"14":0,"15":1,"16":1,"17":0,"18":0,"19":0,"20":0,"21":0,"22":3,"23":11,"24":1,"25":0,"26":1,"27":0,"28":0,"29":1,"30":1,"31":7},"f":{"0":1,"1":0,"2":1,"3":0,"4":0,"5":1,"6":0,"7":11},"b":{"0":[0,1],"1":[1,1],"2":[0,0],"3":[0,0],"4":[0,1],"5":[1,1],"6":[0,0],"7":[0,0],"8":[10],"9":[1,0,1,0,0,1,1,7]},"_coverageSchema":"332fd63041d2c1bcb487cc26dd0d5f7d97098a6c","hash":"b1e5dbbb25f7a8eb239329e31a82d6cdafbd8dc7"}
,"/Users/hacktiv8mac/Documents/finalproject/pin-frontend/PlanItNow/src/store/index.js": {"path":"/Users/hacktiv8mac/Documents/finalproject/pin-frontend/PlanItNow/src/store/index.js","statementMap":{"0":{"start":{"line":7,"column":14},"end":{"line":7,"column":69}}},"fnMap":{},"branchMap":{},"s":{"0":2},"f":{},"b":{},"_coverageSchema":"332fd63041d2c1bcb487cc26dd0d5f7d97098a6c","hash":"393f0f2bf573860fe469b8712260c6f189fd16bf"}
}
