TN:
SF:/Users/hacktiv8mac/Documents/finalproject/pin-frontend/PlanItNow/index.android.js
FN:18,(anonymous_0)
FN:28,(anonymous_1)
FNF:2
FNH:1
FNDA:1,(anonymous_0)
FNDA:0,(anonymous_1)
DA:19,1
DA:28,2
LF:2
LH:2
BRF:0
BRH:0
end_of_record
TN:
SF:/Users/hacktiv8mac/Documents/finalproject/pin-frontend/PlanItNow/index.ios.js
FN:16,(anonymous_0)
FN:53,(anonymous_1)
FNF:2
FNH:1
FNDA:1,(anonymous_0)
FNDA:0,(anonymous_1)
DA:17,1
DA:34,1
DA:53,1
LF:3
LH:3
BRF:0
BRH:0
end_of_record
TN:
SF:/Users/hacktiv8mac/Documents/finalproject/pin-frontend/PlanItNow/jest/setup.js
FN:1,(anonymous_0)
FNF:1
FNH:1
FNDA:2,(anonymous_0)
DA:1,4
DA:2,2
LF:2
LH:2
BRF:0
BRH:0
end_of_record
TN:
SF:/Users/hacktiv8mac/Documents/finalproject/pin-frontend/PlanItNow/src/actions/constants.js
FNF:0
FNH:0
DA:1,3
DA:2,3
DA:3,3
DA:4,3
DA:5,3
DA:6,3
DA:7,3
DA:8,3
DA:9,3
DA:10,3
DA:11,3
DA:12,3
DA:13,3
LF:13
LH:13
BRF:0
BRH:0
end_of_record
TN:
SF:/Users/hacktiv8mac/Documents/finalproject/pin-frontend/PlanItNow/src/actions/index.js
FNF:0
FNH:0
LF:0
LH:0
BRF:0
BRH:0
end_of_record
TN:
SF:/Users/hacktiv8mac/Documents/finalproject/pin-frontend/PlanItNow/src/actions/itineraryAction.js
FN:5,(anonymous_0)
FN:10,(anonymous_1)
FN:11,(anonymous_2)
FN:17,(anonymous_3)
FN:21,(anonymous_4)
FN:26,(anonymous_5)
FN:27,(anonymous_6)
FN:29,(anonymous_7)
FNF:8
FNH:0
FNDA:0,(anonymous_0)
FNDA:0,(anonymous_1)
FNDA:0,(anonymous_2)
FNDA:0,(anonymous_3)
FNDA:0,(anonymous_4)
FNDA:0,(anonymous_5)
FNDA:0,(anonymous_6)
FNDA:0,(anonymous_7)
DA:5,2
DA:10,2
DA:11,0
DA:12,0
DA:17,0
DA:21,2
DA:26,2
DA:27,0
DA:28,0
DA:29,0
LF:10
LH:4
BRF:0
BRH:0
end_of_record
TN:
SF:/Users/hacktiv8mac/Documents/finalproject/pin-frontend/PlanItNow/src/actions/placeAction.js
FN:5,(anonymous_0)
FN:8,(anonymous_1)
FN:9,(anonymous_2)
FN:10,(anonymous_3)
FN:11,(anonymous_4)
FN:12,(anonymous_5)
FN:69,(anonymous_6)
FN:74,(anonymous_7)
FN:79,(anonymous_8)
FN:87,(anonymous_9)
FN:89,(anonymous_10)
FN:91,(anonymous_11)
FN:96,(anonymous_12)
FN:97,(anonymous_13)
FNF:14
FNH:0
FNDA:0,(anonymous_0)
FNDA:0,(anonymous_1)
FNDA:0,(anonymous_2)
FNDA:0,(anonymous_3)
FNDA:0,(anonymous_4)
FNDA:0,(anonymous_5)
FNDA:0,(anonymous_6)
FNDA:0,(anonymous_7)
FNDA:0,(anonymous_8)
FNDA:0,(anonymous_9)
FNDA:0,(anonymous_10)
FNDA:0,(anonymous_11)
FNDA:0,(anonymous_12)
FNDA:0,(anonymous_13)
DA:5,2
DA:6,0
DA:8,0
DA:9,0
DA:10,0
DA:11,0
DA:12,0
DA:14,0
DA:16,0
DA:17,0
DA:18,0
DA:20,0
DA:21,0
DA:23,0
DA:24,0
DA:26,0
DA:27,0
DA:29,0
DA:30,0
DA:32,0
DA:33,0
DA:35,0
DA:36,0
DA:38,0
DA:39,0
DA:41,0
DA:42,0
DA:44,0
DA:45,0
DA:49,0
DA:50,0
DA:51,0
DA:53,0
DA:54,0
DA:56,0
DA:57,0
DA:59,0
DA:60,0
DA:62,0
DA:63,0
DA:66,0
DA:69,2
DA:74,2
DA:79,2
DA:87,2
DA:88,0
DA:90,0
DA:91,0
DA:96,2
DA:97,0
DA:103,0
LF:51
LH:6
BRDA:17,0,0,0
BRDA:17,0,1,0
BRDA:17,1,0,0
BRDA:17,1,1,0
BRDA:20,2,0,0
BRDA:20,2,1,0
BRDA:20,3,0,0
BRDA:20,3,1,0
BRDA:23,4,0,0
BRDA:23,4,1,0
BRDA:23,5,0,0
BRDA:23,5,1,0
BRDA:26,6,0,0
BRDA:26,6,1,0
BRDA:26,7,0,0
BRDA:26,7,1,0
BRDA:29,8,0,0
BRDA:29,8,1,0
BRDA:29,9,0,0
BRDA:29,9,1,0
BRDA:32,10,0,0
BRDA:32,10,1,0
BRDA:32,11,0,0
BRDA:32,11,1,0
BRDA:35,12,0,0
BRDA:35,12,1,0
BRDA:35,13,0,0
BRDA:35,13,1,0
BRDA:38,14,0,0
BRDA:38,14,1,0
BRDA:38,15,0,0
BRDA:38,15,1,0
BRDA:41,16,0,0
BRDA:41,16,1,0
BRDA:41,17,0,0
BRDA:41,17,1,0
BRDA:44,18,0,0
BRDA:44,18,1,0
BRDA:44,19,0,0
BRDA:44,19,1,0
BRDA:50,20,0,0
BRDA:50,20,1,0
BRDA:53,21,0,0
BRDA:53,21,1,0
BRDA:56,22,0,0
BRDA:56,22,1,0
BRDA:59,23,0,0
BRDA:59,23,1,0
BRDA:62,24,0,0
BRDA:62,24,1,0
BRF:50
BRH:0
end_of_record
TN:
SF:/Users/hacktiv8mac/Documents/finalproject/pin-frontend/PlanItNow/src/actions/userAction.js
FN:7,(anonymous_0)
FN:12,(anonymous_1)
FN:13,(anonymous_2)
FN:15,(anonymous_3)
FN:20,(anonymous_4)
FN:25,(anonymous_5)
FN:29,(anonymous_6)
FN:33,(anonymous_7)
FN:34,(anonymous_8)
FN:36,(anonymous_9)
FN:41,(anonymous_10)
FN:46,(anonymous_11)
FN:77,(anonymous_12)
FN:81,(anonymous_13)
FN:86,(anonymous_14)
FN:91,(anonymous_15)
FN:92,(anonymous_16)
FN:94,(anonymous_17)
FN:99,(anonymous_18)
FN:104,(anonymous_19)
FN:105,(anonymous_20)
FN:109,(anonymous_21)
FNF:22
FNH:1
FNDA:1,(anonymous_0)
FNDA:0,(anonymous_1)
FNDA:0,(anonymous_2)
FNDA:0,(anonymous_3)
FNDA:0,(anonymous_4)
FNDA:0,(anonymous_5)
FNDA:0,(anonymous_6)
FNDA:0,(anonymous_7)
FNDA:0,(anonymous_8)
FNDA:0,(anonymous_9)
FNDA:0,(anonymous_10)
FNDA:0,(anonymous_11)
FNDA:0,(anonymous_12)
FNDA:0,(anonymous_13)
FNDA:0,(anonymous_14)
FNDA:0,(anonymous_15)
FNDA:0,(anonymous_16)
FNDA:0,(anonymous_17)
FNDA:0,(anonymous_18)
FNDA:0,(anonymous_19)
FNDA:0,(anonymous_20)
FNDA:0,(anonymous_21)
DA:7,3
DA:12,3
DA:13,0
DA:14,0
DA:15,0
DA:20,3
DA:25,3
DA:29,3
DA:33,3
DA:34,0
DA:35,0
DA:36,0
DA:41,3
DA:46,3
DA:47,0
DA:48,0
DA:49,0
DA:50,0
DA:51,0
DA:52,0
DA:53,0
DA:54,0
DA:55,0
DA:56,0
DA:57,0
DA:58,0
DA:62,0
DA:63,0
DA:64,0
DA:65,0
DA:66,0
DA:67,0
DA:68,0
DA:69,0
DA:70,0
DA:71,0
DA:72,0
DA:76,0
DA:78,0
DA:81,0
DA:86,3
DA:91,3
DA:92,0
DA:93,0
DA:94,0
DA:99,3
DA:104,3
DA:105,0
DA:106,0
DA:109,0
LF:50
LH:12
BRDA:49,0,0,0
BRDA:49,0,1,0
BRDA:49,1,0,0
BRDA:49,1,1,0
BRDA:51,2,0,0
BRDA:51,2,1,0
BRDA:51,3,0,0
BRDA:51,3,1,0
BRDA:53,4,0,0
BRDA:53,4,1,0
BRDA:53,5,0,0
BRDA:53,5,1,0
BRDA:55,6,0,0
BRDA:55,6,1,0
BRDA:55,7,0,0
BRDA:55,7,1,0
BRDA:57,8,0,0
BRDA:57,8,1,0
BRDA:57,9,0,0
BRDA:57,9,1,0
BRDA:63,10,0,0
BRDA:63,10,1,0
BRDA:63,11,0,0
BRDA:63,11,1,0
BRDA:65,12,0,0
BRDA:65,12,1,0
BRDA:65,13,0,0
BRDA:65,13,1,0
BRDA:67,14,0,0
BRDA:67,14,1,0
BRDA:67,15,0,0
BRDA:67,15,1,0
BRDA:69,16,0,0
BRDA:69,16,1,0
BRDA:69,17,0,0
BRDA:69,17,1,0
BRDA:71,18,0,0
BRDA:71,18,1,0
BRDA:71,19,0,0
BRDA:71,19,1,0
BRF:40
BRH:0
end_of_record
TN:
SF:/Users/hacktiv8mac/Documents/finalproject/pin-frontend/PlanItNow/src/components/index.js
FNF:0
FNH:0
DA:18,2
LF:1
LH:1
BRF:0
BRH:0
end_of_record
TN:
SF:/Users/hacktiv8mac/Documents/finalproject/pin-frontend/PlanItNow/src/components/DrawerProfile/index.js
FN:13,(anonymous_0)
FN:18,(anonymous_1)
FN:19,(anonymous_2)
FN:22,(anonymous_3)
FN:28,(anonymous_4)
FN:35,(anonymous_5)
FNF:6
FNH:0
FNDA:0,(anonymous_0)
FNDA:0,(anonymous_1)
FNDA:0,(anonymous_2)
FNDA:0,(anonymous_3)
FNDA:0,(anonymous_4)
FNDA:0,(anonymous_5)
DA:14,0
DA:19,0
DA:20,0
DA:22,0
DA:23,0
DA:25,0
DA:28,0
DA:35,0
LF:8
LH:0
BRF:0
BRH:0
end_of_record
TN:
SF:/Users/hacktiv8mac/Documents/finalproject/pin-frontend/PlanItNow/src/components/EditPassword/index.js
FN:25,(anonymous_0)
FN:30,(anonymous_1)
FN:57,(anonymous_2)
FNF:3
FNH:0
FNDA:0,(anonymous_0)
FNDA:0,(anonymous_1)
FNDA:0,(anonymous_2)
DA:15,2
DA:26,0
DA:31,0
DA:57,0
LF:4
LH:1
BRF:0
BRH:0
end_of_record
TN:
SF:/Users/hacktiv8mac/Documents/finalproject/pin-frontend/PlanItNow/src/components/GeoDirection/index.js
FN:17,(anonymous_0)
FN:31,(anonymous_1)
FN:40,(anonymous_2)
FN:51,(anonymous_3)
FN:55,(anonymous_4)
FN:77,(anonymous_5)
FN:80,(anonymous_6)
FNF:7
FNH:0
FNDA:0,(anonymous_0)
FNDA:0,(anonymous_1)
FNDA:0,(anonymous_2)
FNDA:0,(anonymous_3)
FNDA:0,(anonymous_4)
FNDA:0,(anonymous_5)
FNDA:0,(anonymous_6)
DA:18,0
DA:19,0
DA:40,0
DA:43,0
DA:52,0
DA:56,0
DA:57,0
DA:74,0
DA:78,0
DA:80,0
LF:10
LH:0
BRF:0
BRH:0
end_of_record
TN:
SF:/Users/hacktiv8mac/Documents/finalproject/pin-frontend/PlanItNow/src/components/ItineraryStepOne/index.js
FN:41,(anonymous_0)
FN:53,(anonymous_1)
FN:63,(anonymous_2)
FN:71,(anonymous_3)
FN:72,(anonymous_4)
FN:82,(anonymous_5)
FN:102,(anonymous_6)
FN:126,(anonymous_7)
FN:128,(anonymous_8)
FN:144,(anonymous_9)
FN:153,(anonymous_10)
FN:157,(anonymous_11)
FN:158,(anonymous_12)
FNF:13
FNH:0
FNDA:0,(anonymous_0)
FNDA:0,(anonymous_1)
FNDA:0,(anonymous_2)
FNDA:0,(anonymous_3)
FNDA:0,(anonymous_4)
FNDA:0,(anonymous_5)
FNDA:0,(anonymous_6)
FNDA:0,(anonymous_7)
FNDA:0,(anonymous_8)
FNDA:0,(anonymous_9)
FNDA:0,(anonymous_10)
FNDA:0,(anonymous_11)
FNDA:0,(anonymous_12)
DA:13,3
DA:15,3
DA:16,3
DA:42,0
DA:43,0
DA:54,0
DA:55,0
DA:56,0
DA:58,0
DA:64,0
DA:65,0
DA:66,0
DA:72,0
DA:77,0
DA:78,0
DA:79,0
DA:83,0
DA:84,0
DA:85,0
DA:87,0
DA:103,0
DA:126,0
DA:129,0
DA:144,0
DA:153,3
DA:157,3
DA:158,0
LF:27
LH:5
BRF:0
BRH:0
end_of_record
TN:
SF:/Users/hacktiv8mac/Documents/finalproject/pin-frontend/PlanItNow/src/components/ItineraryStepThree/index.js
FN:40,(anonymous_0)
FN:51,(anonymous_1)
FN:56,(anonymous_2)
FN:61,(anonymous_3)
FN:65,(anonymous_4)
FN:70,(anonymous_5)
FN:75,(anonymous_6)
FN:79,(anonymous_7)
FN:104,(anonymous_8)
FN:121,(anonymous_9)
FN:137,(anonymous_10)
FN:147,(anonymous_11)
FN:152,(anonymous_12)
FN:153,(anonymous_13)
FN:154,(anonymous_14)
FNF:15
FNH:0
FNDA:0,(anonymous_0)
FNDA:0,(anonymous_1)
FNDA:0,(anonymous_2)
FNDA:0,(anonymous_3)
FNDA:0,(anonymous_4)
FNDA:0,(anonymous_5)
FNDA:0,(anonymous_6)
FNDA:0,(anonymous_7)
FNDA:0,(anonymous_8)
FNDA:0,(anonymous_9)
FNDA:0,(anonymous_10)
FNDA:0,(anonymous_11)
FNDA:0,(anonymous_12)
FNDA:0,(anonymous_13)
FNDA:0,(anonymous_14)
DA:14,3
DA:15,3
DA:41,0
DA:42,0
DA:48,0
DA:52,0
DA:53,0
DA:54,0
DA:57,0
DA:62,0
DA:63,0
DA:64,0
DA:65,0
DA:68,0
DA:71,0
DA:76,0
DA:80,0
DA:81,0
DA:82,0
DA:86,0
DA:87,0
DA:88,0
DA:94,0
DA:98,0
DA:99,0
DA:101,0
DA:106,0
DA:122,0
DA:137,0
DA:147,3
DA:152,3
DA:153,0
DA:154,0
LF:33
LH:4
BRF:0
BRH:0
end_of_record
TN:
SF:/Users/hacktiv8mac/Documents/finalproject/pin-frontend/PlanItNow/src/components/ItineraryStepThree/scheduleDetail.js
FN:20,(anonymous_0)
FN:28,(anonymous_1)
FN:35,(anonymous_2)
FN:41,(anonymous_3)
FN:49,(anonymous_4)
FN:56,(anonymous_5)
FN:69,(anonymous_6)
FN:73,(anonymous_7)
FN:83,(anonymous_8)
FN:96,(anonymous_9)
FN:102,(anonymous_10)
FN:108,(anonymous_11)
FN:109,(anonymous_12)
FNF:13
FNH:0
FNDA:0,(anonymous_0)
FNDA:0,(anonymous_1)
FNDA:0,(anonymous_2)
FNDA:0,(anonymous_3)
FNDA:0,(anonymous_4)
FNDA:0,(anonymous_5)
FNDA:0,(anonymous_6)
FNDA:0,(anonymous_7)
FNDA:0,(anonymous_8)
FNDA:0,(anonymous_9)
FNDA:0,(anonymous_10)
FNDA:0,(anonymous_11)
FNDA:0,(anonymous_12)
DA:21,0
DA:22,0
DA:29,0
DA:30,0
DA:31,0
DA:36,0
DA:37,0
DA:38,0
DA:42,0
DA:43,0
DA:44,0
DA:45,0
DA:47,0
DA:48,0
DA:49,0
DA:50,0
DA:51,0
DA:57,0
DA:58,0
DA:59,0
DA:60,0
DA:61,0
DA:63,0
DA:70,0
DA:74,0
DA:84,0
DA:96,0
DA:102,0
DA:108,0
DA:109,0
LF:30
LH:0
BRDA:94,0,0,0
BRDA:94,0,1,0
BRF:2
BRH:0
end_of_record
TN:
SF:/Users/hacktiv8mac/Documents/finalproject/pin-frontend/PlanItNow/src/components/Login/index.js
FN:17,(anonymous_0)
FN:36,(anonymous_1)
FN:37,(anonymous_2)
FN:43,(anonymous_3)
FN:55,(anonymous_4)
FN:61,(anonymous_5)
FN:63,(anonymous_6)
FN:69,(anonymous_7)
FN:79,(anonymous_8)
FN:84,(anonymous_9)
FN:87,(anonymous_10)
FN:94,(anonymous_11)
FN:97,(anonymous_12)
FN:98,(anonymous_13)
FN:114,(anonymous_14)
FN:117,(anonymous_15)
FN:122,(anonymous_16)
FN:128,(anonymous_17)
FN:157,(anonymous_18)
FN:167,(anonymous_19)
FN:171,(anonymous_20)
FN:184,(anonymous_21)
FN:215,(anonymous_22)
FN:247,(anonymous_23)
FN:251,(anonymous_24)
FN:252,(anonymous_25)
FN:253,(anonymous_26)
FN:254,(anonymous_27)
FN:255,(anonymous_28)
FNF:29
FNH:0
FNDA:0,(anonymous_0)
FNDA:0,(anonymous_1)
FNDA:0,(anonymous_2)
FNDA:0,(anonymous_3)
FNDA:0,(anonymous_4)
FNDA:0,(anonymous_5)
FNDA:0,(anonymous_6)
FNDA:0,(anonymous_7)
FNDA:0,(anonymous_8)
FNDA:0,(anonymous_9)
FNDA:0,(anonymous_10)
FNDA:0,(anonymous_11)
FNDA:0,(anonymous_12)
FNDA:0,(anonymous_13)
FNDA:0,(anonymous_14)
FNDA:0,(anonymous_15)
FNDA:0,(anonymous_16)
FNDA:0,(anonymous_17)
FNDA:0,(anonymous_18)
FNDA:0,(anonymous_19)
FNDA:0,(anonymous_20)
FNDA:0,(anonymous_21)
FNDA:0,(anonymous_22)
FNDA:0,(anonymous_23)
FNDA:0,(anonymous_24)
FNDA:0,(anonymous_25)
FNDA:0,(anonymous_26)
FNDA:0,(anonymous_27)
FNDA:0,(anonymous_28)
DA:8,3
DA:14,3
DA:18,0
DA:19,0
DA:37,0
DA:38,0
DA:39,0
DA:40,0
DA:41,0
DA:44,0
DA:56,0
DA:57,0
DA:58,0
DA:62,0
DA:63,0
DA:64,0
DA:70,0
DA:71,0
DA:73,0
DA:75,0
DA:80,0
DA:81,0
DA:85,0
DA:86,0
DA:88,0
DA:89,0
DA:93,0
DA:95,0
DA:96,0
DA:97,0
DA:99,0
DA:100,0
DA:101,0
DA:102,0
DA:103,0
DA:105,0
DA:106,0
DA:107,0
DA:108,0
DA:109,0
DA:110,0
DA:111,0
DA:115,0
DA:118,0
DA:123,0
DA:129,0
DA:157,0
DA:167,0
DA:171,0
DA:184,0
DA:215,0
DA:229,3
DA:247,3
DA:251,3
DA:252,0
DA:253,0
DA:254,0
DA:255,0
LF:58
LH:5
BRDA:38,0,0,0
BRDA:38,0,1,0
BRDA:40,1,0,0
BRDA:40,1,1,0
BRDA:62,2,0,0
BRDA:62,2,1,0
BRDA:62,3,0,0
BRDA:62,3,1,0
BRDA:70,4,0,0
BRDA:70,4,1,0
BRDA:70,5,0,0
BRDA:70,5,1,0
BRDA:88,6,0,0
BRDA:88,6,1,0
BRDA:198,7,0,0
BRDA:198,7,1,0
BRDA:198,8,0,0
BRDA:198,8,1,0
BRF:18
BRH:0
end_of_record
TN:
SF:/Users/hacktiv8mac/Documents/finalproject/pin-frontend/PlanItNow/src/components/MapDetail/index.js
FN:10,(anonymous_0)
FNF:1
FNH:0
FNDA:0,(anonymous_0)
DA:10,3
DA:11,0
DA:32,3
DA:33,3
DA:35,3
LF:5
LH:4
BRF:0
BRH:0
end_of_record
TN:
SF:/Users/hacktiv8mac/Documents/finalproject/pin-frontend/PlanItNow/src/components/Profile/Tags.js
FN:5,(anonymous_0)
FN:9,(anonymous_1)
FN:11,(anonymous_2)
FNF:3
FNH:0
FNDA:0,(anonymous_0)
FNDA:0,(anonymous_1)
FNDA:0,(anonymous_2)
DA:6,0
DA:10,0
DA:11,0
DA:12,0
DA:13,0
LF:5
LH:0
BRF:0
BRH:0
end_of_record
TN:
SF:/Users/hacktiv8mac/Documents/finalproject/pin-frontend/PlanItNow/src/components/Profile/index.js
FN:17,(anonymous_0)
FN:21,(anonymous_1)
FN:24,(anonymous_2)
FN:28,(anonymous_3)
FN:37,(anonymous_4)
FN:43,(anonymous_5)
FN:47,(anonymous_6)
FN:51,(anonymous_7)
FN:55,(anonymous_8)
FN:83,(anonymous_9)
FN:93,(anonymous_10)
FN:96,(anonymous_11)
FN:101,(anonymous_12)
FN:121,(anonymous_13)
FN:124,(anonymous_14)
FN:159,(anonymous_15)
FN:180,(anonymous_16)
FN:184,(anonymous_17)
FN:185,(anonymous_18)
FN:186,(anonymous_19)
FNF:20
FNH:0
FNDA:0,(anonymous_0)
FNDA:0,(anonymous_1)
FNDA:0,(anonymous_2)
FNDA:0,(anonymous_3)
FNDA:0,(anonymous_4)
FNDA:0,(anonymous_5)
FNDA:0,(anonymous_6)
FNDA:0,(anonymous_7)
FNDA:0,(anonymous_8)
FNDA:0,(anonymous_9)
FNDA:0,(anonymous_10)
FNDA:0,(anonymous_11)
FNDA:0,(anonymous_12)
FNDA:0,(anonymous_13)
FNDA:0,(anonymous_14)
FNDA:0,(anonymous_15)
FNDA:0,(anonymous_16)
FNDA:0,(anonymous_17)
FNDA:0,(anonymous_18)
FNDA:0,(anonymous_19)
DA:18,0
DA:22,0
DA:25,0
DA:29,0
DA:31,0
DA:32,0
DA:33,0
DA:38,0
DA:39,0
DA:40,0
DA:44,0
DA:48,0
DA:52,0
DA:57,0
DA:83,0
DA:91,0
DA:93,0
DA:96,0
DA:101,0
DA:122,0
DA:124,0
DA:159,0
DA:180,3
DA:184,3
DA:185,0
DA:186,0
LF:26
LH:2
BRDA:31,0,0,0
BRDA:31,0,1,0
BRDA:115,1,0,0
BRDA:115,1,1,0
BRF:4
BRH:0
end_of_record
TN:
SF:/Users/hacktiv8mac/Documents/finalproject/pin-frontend/PlanItNow/src/components/Recomendation/index.js
FN:48,(anonymous_0)
FN:55,(anonymous_1)
FN:76,(anonymous_2)
FN:80,(anonymous_3)
FN:86,(anonymous_4)
FN:92,(anonymous_5)
FN:96,(anonymous_6)
FN:112,(anonymous_7)
FN:116,(anonymous_8)
FN:138,(anonymous_9)
FN:144,(anonymous_10)
FN:160,(anonymous_11)
FN:161,(anonymous_12)
FN:168,(anonymous_13)
FN:178,(anonymous_14)
FN:182,(anonymous_15)
FN:189,(anonymous_16)
FN:196,(anonymous_17)
FN:203,(anonymous_18)
FN:208,(anonymous_19)
FN:213,(anonymous_20)
FN:219,(anonymous_21)
FN:233,(anonymous_22)
FN:238,(anonymous_23)
FN:244,(anonymous_24)
FN:245,(anonymous_25)
FN:248,(anonymous_26)
FN:257,(anonymous_27)
FN:264,(anonymous_28)
FN:289,(anonymous_29)
FN:295,(anonymous_30)
FN:342,(anonymous_31)
FN:346,(anonymous_32)
FN:347,(anonymous_33)
FNF:34
FNH:0
FNDA:0,(anonymous_0)
FNDA:0,(anonymous_1)
FNDA:0,(anonymous_2)
FNDA:0,(anonymous_3)
FNDA:0,(anonymous_4)
FNDA:0,(anonymous_5)
FNDA:0,(anonymous_6)
FNDA:0,(anonymous_7)
FNDA:0,(anonymous_8)
FNDA:0,(anonymous_9)
FNDA:0,(anonymous_10)
FNDA:0,(anonymous_11)
FNDA:0,(anonymous_12)
FNDA:0,(anonymous_13)
FNDA:0,(anonymous_14)
FNDA:0,(anonymous_15)
FNDA:0,(anonymous_16)
FNDA:0,(anonymous_17)
FNDA:0,(anonymous_18)
FNDA:0,(anonymous_19)
FNDA:0,(anonymous_20)
FNDA:0,(anonymous_21)
FNDA:0,(anonymous_22)
FNDA:0,(anonymous_23)
FNDA:0,(anonymous_24)
FNDA:0,(anonymous_25)
FNDA:0,(anonymous_26)
FNDA:0,(anonymous_27)
FNDA:0,(anonymous_28)
FNDA:0,(anonymous_29)
FNDA:0,(anonymous_30)
FNDA:0,(anonymous_31)
FNDA:0,(anonymous_32)
FNDA:0,(anonymous_33)
DA:16,3
DA:17,3
DA:41,3
DA:42,3
DA:43,3
DA:45,3
DA:49,0
DA:56,0
DA:57,0
DA:77,0
DA:81,0
DA:82,0
DA:86,0
DA:93,0
DA:97,0
DA:98,0
DA:113,0
DA:117,0
DA:139,0
DA:145,0
DA:146,0
DA:147,0
DA:148,0
DA:149,0
DA:150,0
DA:151,0
DA:152,0
DA:153,0
DA:154,0
DA:155,0
DA:156,0
DA:157,0
DA:160,0
DA:161,0
DA:162,0
DA:169,0
DA:179,0
DA:183,0
DA:190,0
DA:197,0
DA:198,0
DA:199,0
DA:204,0
DA:208,0
DA:214,0
DA:215,0
DA:220,0
DA:234,0
DA:239,0
DA:240,0
DA:244,0
DA:245,0
DA:248,0
DA:257,0
DA:264,0
DA:289,0
DA:295,0
DA:308,3
DA:309,3
DA:311,3
DA:342,3
DA:346,3
DA:347,0
LF:63
LH:11
BRDA:97,0,0,0
BRDA:97,0,1,0
BRDA:145,1,0,0
BRDA:145,1,1,0
BRDA:146,2,0,0
BRDA:146,2,1,0
BRDA:152,3,0,0
BRDA:152,3,1,0
BRDA:273,4,0,0
BRDA:273,4,1,0
BRF:10
BRH:0
end_of_record
TN:
SF:/Users/hacktiv8mac/Documents/finalproject/pin-frontend/PlanItNow/src/components/Register/index.js
FN:11,(anonymous_0)
FN:33,(anonymous_1)
FN:39,(anonymous_2)
FN:41,(anonymous_3)
FN:47,(anonymous_4)
FN:81,(anonymous_5)
FN:110,(anonymous_6)
FN:119,(anonymous_7)
FN:129,(anonymous_8)
FN:133,(anonymous_9)
FN:179,(anonymous_10)
FN:183,(anonymous_11)
FN:184,(anonymous_12)
FN:185,(anonymous_13)
FNF:14
FNH:0
FNDA:0,(anonymous_0)
FNDA:0,(anonymous_1)
FNDA:0,(anonymous_2)
FNDA:0,(anonymous_3)
FNDA:0,(anonymous_4)
FNDA:0,(anonymous_5)
FNDA:0,(anonymous_6)
FNDA:0,(anonymous_7)
FNDA:0,(anonymous_8)
FNDA:0,(anonymous_9)
FNDA:0,(anonymous_10)
FNDA:0,(anonymous_11)
FNDA:0,(anonymous_12)
FNDA:0,(anonymous_13)
DA:12,0
DA:13,0
DA:34,0
DA:35,0
DA:36,0
DA:40,0
DA:41,0
DA:42,0
DA:48,0
DA:49,0
DA:50,0
DA:51,0
DA:52,0
DA:53,0
DA:54,0
DA:56,0
DA:59,0
DA:60,0
DA:61,0
DA:62,0
DA:64,0
DA:67,0
DA:68,0
DA:69,0
DA:70,0
DA:72,0
DA:75,0
DA:76,0
DA:77,0
DA:82,0
DA:110,0
DA:119,0
DA:129,0
DA:133,0
DA:161,3
DA:179,3
DA:183,3
DA:184,0
DA:185,0
LF:39
LH:3
BRDA:40,0,0,0
BRDA:40,0,1,0
BRDA:40,1,0,0
BRDA:40,1,1,0
BRDA:52,2,0,0
BRDA:52,2,1,0
BRDA:60,3,0,0
BRDA:60,3,1,0
BRDA:68,4,0,0
BRDA:68,4,1,0
BRDA:75,5,0,0
BRDA:75,5,1,0
BRDA:75,6,0,0
BRDA:75,6,1,0
BRDA:75,6,2,0
BRF:15
BRH:0
end_of_record
TN:
SF:/Users/hacktiv8mac/Documents/finalproject/pin-frontend/PlanItNow/src/components/inputQuery/index.js
FN:42,(anonymous_0)
FN:58,(anonymous_1)
FN:64,(anonymous_2)
FN:74,(anonymous_3)
FN:92,(anonymous_4)
FN:120,(anonymous_5)
FN:127,(anonymous_6)
FN:148,(anonymous_7)
FN:157,(anonymous_8)
FN:161,(anonymous_9)
FN:162,(anonymous_10)
FNF:11
FNH:0
FNDA:0,(anonymous_0)
FNDA:0,(anonymous_1)
FNDA:0,(anonymous_2)
FNDA:0,(anonymous_3)
FNDA:0,(anonymous_4)
FNDA:0,(anonymous_5)
FNDA:0,(anonymous_6)
FNDA:0,(anonymous_7)
FNDA:0,(anonymous_8)
FNDA:0,(anonymous_9)
FNDA:0,(anonymous_10)
DA:14,3
DA:16,3
DA:17,3
DA:43,0
DA:44,0
DA:51,0
DA:59,0
DA:65,0
DA:75,0
DA:76,0
DA:78,0
DA:79,0
DA:80,0
DA:82,0
DA:93,0
DA:120,0
DA:127,0
DA:148,0
DA:157,3
DA:161,3
DA:162,0
LF:21
LH:5
BRDA:76,0,0,0
BRDA:76,0,1,0
BRDA:127,1,0,0
BRDA:127,1,1,0
BRDA:127,2,0,0
BRDA:127,2,1,0
BRF:6
BRH:0
end_of_record
TN:
SF:/Users/hacktiv8mac/Documents/finalproject/pin-frontend/PlanItNow/src/components/itineraryDetail/index.js
FN:27,(anonymous_0)
FN:34,(anonymous_1)
FN:38,(anonymous_2)
FN:42,(anonymous_3)
FN:47,(anonymous_4)
FN:53,(anonymous_5)
FN:59,(anonymous_6)
FN:68,(anonymous_7)
FN:80,(anonymous_8)
FNF:9
FNH:0
FNDA:0,(anonymous_0)
FNDA:0,(anonymous_1)
FNDA:0,(anonymous_2)
FNDA:0,(anonymous_3)
FNDA:0,(anonymous_4)
FNDA:0,(anonymous_5)
FNDA:0,(anonymous_6)
FNDA:0,(anonymous_7)
FNDA:0,(anonymous_8)
DA:28,0
DA:29,0
DA:35,0
DA:39,0
DA:40,0
DA:41,0
DA:42,0
DA:45,0
DA:48,0
DA:54,0
DA:55,0
DA:59,0
DA:69,0
DA:81,0
LF:14
LH:0
BRF:0
BRH:0
end_of_record
TN:
SF:/Users/hacktiv8mac/Documents/finalproject/pin-frontend/PlanItNow/src/components/step2/index.js
FN:40,(anonymous_0)
FN:55,(anonymous_1)
FN:67,(anonymous_2)
FN:71,(anonymous_3)
FN:83,(anonymous_4)
FN:89,(anonymous_5)
FN:93,(anonymous_6)
FN:110,(anonymous_7)
FN:125,(anonymous_8)
FN:128,(anonymous_9)
FN:140,(anonymous_10)
FN:144,(anonymous_11)
FN:149,(anonymous_12)
FN:152,(anonymous_13)
FN:166,(anonymous_14)
FN:175,(anonymous_15)
FN:179,(anonymous_16)
FN:180,(anonymous_17)
FNF:18
FNH:0
FNDA:0,(anonymous_0)
FNDA:0,(anonymous_1)
FNDA:0,(anonymous_2)
FNDA:0,(anonymous_3)
FNDA:0,(anonymous_4)
FNDA:0,(anonymous_5)
FNDA:0,(anonymous_6)
FNDA:0,(anonymous_7)
FNDA:0,(anonymous_8)
FNDA:0,(anonymous_9)
FNDA:0,(anonymous_10)
FNDA:0,(anonymous_11)
FNDA:0,(anonymous_12)
FNDA:0,(anonymous_13)
FNDA:0,(anonymous_14)
FNDA:0,(anonymous_15)
FNDA:0,(anonymous_16)
FNDA:0,(anonymous_17)
DA:14,3
DA:15,3
DA:41,0
DA:56,0
DA:57,0
DA:68,0
DA:69,0
DA:70,0
DA:71,0
DA:72,0
DA:76,0
DA:77,0
DA:84,0
DA:86,0
DA:90,0
DA:91,0
DA:92,0
DA:93,0
DA:94,0
DA:98,0
DA:101,0
DA:105,0
DA:106,0
DA:111,0
DA:125,0
DA:129,0
DA:141,0
DA:142,0
DA:144,0
DA:150,0
DA:152,0
DA:166,0
DA:175,3
DA:179,3
DA:180,0
LF:35
LH:4
BRF:0
BRH:0
end_of_record
TN:
SF:/Users/hacktiv8mac/Documents/finalproject/pin-frontend/PlanItNow/src/reducers/index.js
FNF:0
FNH:0
DA:7,2
LF:1
LH:1
BRF:0
BRH:0
end_of_record
TN:
SF:/Users/hacktiv8mac/Documents/finalproject/pin-frontend/PlanItNow/src/reducers/itineraryReducer.js
FN:3,(anonymous_0)
FNF:1
FNH:1
FNDA:7,(anonymous_0)
DA:3,2
DA:4,7
DA:6,0
DA:10,0
DA:13,0
DA:15,7
LF:6
LH:3
BRDA:3,0,0,7
BRDA:4,1,0,0
BRDA:4,1,1,0
BRDA:4,1,2,7
BRF:4
BRH:2
end_of_record
TN:
SF:/Users/hacktiv8mac/Documents/finalproject/pin-frontend/PlanItNow/src/reducers/placeReducer.js
FN:16,(anonymous_0)
FNF:1
FNH:1
FNDA:7,(anonymous_0)
DA:3,2
DA:16,2
DA:17,7
DA:19,0
DA:25,0
DA:31,0
DA:37,0
DA:42,7
LF:8
LH:4
BRDA:16,0,0,7
BRDA:17,1,0,0
BRDA:17,1,1,0
BRDA:17,1,2,0
BRDA:17,1,3,0
BRDA:17,1,4,7
BRF:6
BRH:2
end_of_record
TN:
SF:/Users/hacktiv8mac/Documents/finalproject/pin-frontend/PlanItNow/src/reducers/userReducer.js
FN:15,loginSuccess
FN:29,loginBecauseAsyncStorage
FN:38,logout
FN:39,(anonymous_3)
FN:48,(anonymous_4)
FN:54,signUp
FN:66,loginFb
FN:79,(anonymous_7)
FNF:8
FNH:4
FNDA:1,loginSuccess
FNDA:0,loginBecauseAsyncStorage
FNDA:1,logout
FNDA:0,(anonymous_3)
FNDA:0,(anonymous_4)
FNDA:1,signUp
FNDA:0,loginFb
FNDA:10,(anonymous_7)
DA:7,3
DA:17,1
DA:18,0
DA:20,1
DA:21,1
DA:30,0
DA:39,1
DA:40,0
DA:48,1
DA:49,0
DA:51,1
DA:55,1
DA:56,0
DA:58,1
DA:59,1
DA:67,0
DA:68,0
DA:70,0
DA:71,0
DA:72,0
DA:79,3
DA:80,10
DA:81,1
DA:82,0
DA:83,1
DA:84,0
DA:88,0
DA:89,0
DA:94,1
DA:95,7
LF:30
LH:16
BRDA:17,0,0,0
BRDA:17,0,1,1
BRDA:17,1,0,1
BRDA:17,1,1,1
BRDA:40,2,0,0
BRDA:40,2,1,0
BRDA:49,3,0,0
BRDA:49,3,1,0
BRDA:55,4,0,0
BRDA:55,4,1,1
BRDA:55,5,0,1
BRDA:55,5,1,1
BRDA:67,6,0,0
BRDA:67,6,1,0
BRDA:67,7,0,0
BRDA:67,7,1,0
BRDA:79,8,0,9
BRDA:80,9,0,1
BRDA:80,9,1,0
BRDA:80,9,2,1
BRDA:80,9,3,0
BRDA:80,9,4,0
BRDA:80,9,5,0
BRDA:80,9,6,1
BRDA:80,9,7,7
BRF:25
BRH:11
end_of_record
TN:
SF:/Users/hacktiv8mac/Documents/finalproject/pin-frontend/PlanItNow/src/store/index.js
FNF:0
FNH:0
DA:7,2
LF:1
LH:1
BRF:0
BRH:0
end_of_record
